C:\USERS\ASUS\DOCUMENTS\VISUAL STUDIO 2010\PROJECTS\DRAWPICTURE - OO - USE\DEBUG\DRAWPICTURE.EXE
C:\USERS\ASUS\DOCUMENTS\VISUAL STUDIO 2010\PROJECTS\DRAWPICTURE - OO - USE\DEBUG\DRAWPICTURE.ILK
C:\USERS\ASUS\DOCUMENTS\VISUAL STUDIO 2010\PROJECTS\DRAWPICTURE - OO - USE\DEBUG\DRAWPICTURE.PDB
C:\USERS\ASUS\DOCUMENTS\VISUAL STUDIO 2010\PROJECTS\DRAWPICTURE - OO - USE\DRAWPICTURE\DEBUG\.NETFRAMEWORK,VERSION=V4.0.ASSEMBLYATTRIBUTES.OBJ
C:\USERS\ASUS\DOCUMENTS\VISUAL STUDIO 2010\PROJECTS\DRAWPICTURE - OO - USE\DRAWPICTURE\DEBUG\APP.RES
C:\USERS\ASUS\DOCUMENTS\VISUAL STUDIO 2010\PROJECTS\DRAWPICTURE - OO - USE\DRAWPICTURE\DEBUG\ASSEMBLYINFO.OBJ
C:\USERS\ASUS\DOCUMENTS\VISUAL STUDIO 2010\PROJECTS\DRAWPICTURE - OO - USE\DRAWPICTURE\DEBUG\CMVCIRCLE.OBJ
C:\USERS\ASUS\DOCUMENTS\VISUAL STUDIO 2010\PROJECTS\DRAWPICTURE - OO - USE\DRAWPICTURE\DEBUG\CMVLINE.OBJ
C:\USERS\ASUS\DOCUMENTS\VISUAL STUDIO 2010\PROJECTS\DRAWPICTURE - OO - USE\DRAWPICTURE\DEBUG\CMVRECT.OBJ
C:\USERS\ASUS\DOCUMENTS\VISUAL STUDIO 2010\PROJECTS\DRAWPICTURE - OO - USE\DRAWPICTURE\DEBUG\CMVSHAPE.OBJ
C:\USERS\ASUS\DOCUMENTS\VISUAL STUDIO 2010\PROJECTS\DRAWPICTURE - OO - USE\DRAWPICTURE\DEBUG\CMVSOLIDCIRCLE.OBJ
C:\USERS\ASUS\DOCUMENTS\VISUAL STUDIO 2010\PROJECTS\DRAWPICTURE - OO - USE\DRAWPICTURE\DEBUG\CMVSOLIDRECT.OBJ
C:\USERS\ASUS\DOCUMENTS\VISUAL STUDIO 2010\PROJECTS\DRAWPICTURE - OO - USE\DRAWPICTURE\DEBUG\CMVSTOCK.OBJ
C:\USERS\ASUS\DOCUMENTS\VISUAL STUDIO 2010\PROJECTS\DRAWPICTURE - OO - USE\DRAWPICTURE\DEBUG\DRAWPICTURE.EXE.INTERMEDIATE.MANIFEST
C:\USERS\ASUS\DOCUMENTS\VISUAL STUDIO 2010\PROJECTS\DRAWPICTURE - OO - USE\DRAWPICTURE\DEBUG\DRAWPICTURE.OBJ
C:\USERS\ASUS\DOCUMENTS\VISUAL STUDIO 2010\PROJECTS\DRAWPICTURE - OO - USE\DRAWPICTURE\DEBUG\DRAWPICTURE.PCH
C:\USERS\ASUS\DOCUMENTS\VISUAL STUDIO 2010\PROJECTS\DRAWPICTURE - OO - USE\DRAWPICTURE\DEBUG\STDAFX.OBJ
C:\USERS\ASUS\DOCUMENTS\VISUAL STUDIO 2010\PROJECTS\DRAWPICTURE - OO - USE\DRAWPICTURE\DEBUG\VC100.PDB
D:\CALLBACK\DRAWPICTURE - OO - USE\DEBUG\DRAWPICTURE.EXE
D:\CALLBACK\DRAWPICTURE - OO - USE\DEBUG\DRAWPICTURE.ILK
D:\CALLBACK\DRAWPICTURE - OO - USE\DEBUG\DRAWPICTURE.PDB
D:\CALLBACK\DRAWPICTURE - OO - USE\DRAWPICTURE\DEBUG\APP.RES
D:\CALLBACK\DRAWPICTURE - OO - USE\DRAWPICTURE\DEBUG\ASSEMBLYINFO.OBJ
D:\CALLBACK\DRAWPICTURE - OO - USE\DRAWPICTURE\DEBUG\CMVCIRCLE.OBJ
D:\CALLBACK\DRAWPICTURE - OO - USE\DRAWPICTURE\DEBUG\CMVLINE.OBJ
D:\CALLBACK\DRAWPICTURE - OO - USE\DRAWPICTURE\DEBUG\CMVRECT.OBJ
D:\CALLBACK\DRAWPICTURE - OO - USE\DRAWPICTURE\DEBUG\CMVSHAPE.OBJ
D:\CALLBACK\DRAWPICTURE - OO - USE\DRAWPICTURE\DEBUG\CMVSOLIDCIRCLE.OBJ
D:\CALLBACK\DRAWPICTURE - OO - USE\DRAWPICTURE\DEBUG\CMVSOLIDRECT.OBJ
D:\CALLBACK\DRAWPICTURE - OO - USE\DRAWPICTURE\DEBUG\DRAWPICTURE.EXE.INTERMEDIATE.MANIFEST
D:\CALLBACK\DRAWPICTURE - OO - USE\DRAWPICTURE\DEBUG\DRAWPICTURE.OBJ
D:\CALLBACK\DRAWPICTURE - OO - USE\DRAWPICTURE\DEBUG\DRAWPICTURE.PCH
D:\CALLBACK\DRAWPICTURE - OO - USE\DRAWPICTURE\DEBUG\STDAFX.OBJ
D:\CALLBACK\DRAWPICTURE - OO - USE\DRAWPICTURE\DEBUG\VC100.PDB
D:\CALLBACK\DRAWPICTURE1\DRAWPICTURE - OO - USE\DEBUG\DRAWPICTURE.EXE
D:\CALLBACK\DRAWPICTURE1\DRAWPICTURE - OO - USE\DEBUG\DRAWPICTURE.ILK
D:\CALLBACK\DRAWPICTURE1\DRAWPICTURE - OO - USE\DEBUG\DRAWPICTURE.PDB
D:\callback\DrawPicture1\DrawPicture - OO - use\DrawPicture\Debug\.NETFramework,Version=v4.0.AssemblyAttributes.obj
D:\CALLBACK\DRAWPICTURE1\DRAWPICTURE - OO - USE\DRAWPICTURE\DEBUG\APP.RES
D:\CALLBACK\DRAWPICTURE1\DRAWPICTURE - OO - USE\DRAWPICTURE\DEBUG\ASSEMBLYINFO.OBJ
D:\callback\DrawPicture1\DrawPicture - OO - use\DrawPicture\Debug\cl.command.1.tlog
D:\callback\DrawPicture1\DrawPicture - OO - use\DrawPicture\Debug\CL.read.1.tlog
D:\callback\DrawPicture1\DrawPicture - OO - use\DrawPicture\Debug\CL.write.1.tlog
D:\callback\DrawPicture1\DrawPicture - OO - use\DrawPicture\Debug\CMD.EXE.bi
D:\CALLBACK\DRAWPICTURE1\DRAWPICTURE - OO - USE\DRAWPICTURE\DEBUG\CMVCIRCLE.OBJ
D:\CALLBACK\DRAWPICTURE1\DRAWPICTURE - OO - USE\DRAWPICTURE\DEBUG\CMVLINE.OBJ
D:\CALLBACK\DRAWPICTURE1\DRAWPICTURE - OO - USE\DRAWPICTURE\DEBUG\CMVRECT.OBJ
D:\CALLBACK\DRAWPICTURE1\DRAWPICTURE - OO - USE\DRAWPICTURE\DEBUG\CMVSHAPE.OBJ
D:\CALLBACK\DRAWPICTURE1\DRAWPICTURE - OO - USE\DRAWPICTURE\DEBUG\CMVSOLIDCIRCLE.OBJ
D:\CALLBACK\DRAWPICTURE1\DRAWPICTURE - OO - USE\DRAWPICTURE\DEBUG\CMVSOLIDRECT.OBJ
D:\callback\DrawPicture1\DrawPicture - OO - use\DrawPicture\Debug\CmvStock.obj
D:\CALLBACK\DRAWPICTURE1\DRAWPICTURE - OO - USE\DRAWPICTURE\DEBUG\DRAWPICTURE.EXE.INTERMEDIATE.MANIFEST
D:\callback\DrawPicture1\DrawPicture - OO - use\DrawPicture\Debug\DrawPicture.Form1.resources
D:\CALLBACK\DRAWPICTURE1\DRAWPICTURE - OO - USE\DRAWPICTURE\DEBUG\DRAWPICTURE.OBJ
D:\CALLBACK\DRAWPICTURE1\DRAWPICTURE - OO - USE\DRAWPICTURE\DEBUG\DRAWPICTURE.PCH
D:\callback\DrawPicture1\DrawPicture - OO - use\DrawPicture\Debug\DrawPicture.vcxproj.GenerateResource.Cache
D:\callback\DrawPicture1\DrawPicture - OO - use\DrawPicture\Debug\DrawPicture.vcxprojResolveAssemblyReference.cache
D:\callback\DrawPicture1\DrawPicture - OO - use\DrawPicture\Debug\DrawPicture.write.1.tlog
D:\callback\DrawPicture1\DrawPicture - OO - use\DrawPicture\Debug\link.10004.read.1.tlog
D:\callback\DrawPicture1\DrawPicture - OO - use\DrawPicture\Debug\link.10004.write.1.tlog
D:\callback\DrawPicture1\DrawPicture - OO - use\DrawPicture\Debug\link.10004-cvtres.read.1.tlog
D:\callback\DrawPicture1\DrawPicture - OO - use\DrawPicture\Debug\link.10004-cvtres.write.1.tlog
D:\callback\DrawPicture1\DrawPicture - OO - use\DrawPicture\Debug\link.10044.read.1.tlog
D:\callback\DrawPicture1\DrawPicture - OO - use\DrawPicture\Debug\link.10044.write.1.tlog
D:\callback\DrawPicture1\DrawPicture - OO - use\DrawPicture\Debug\link.10044-cvtres.read.1.tlog
D:\callback\DrawPicture1\DrawPicture - OO - use\DrawPicture\Debug\link.10044-cvtres.write.1.tlog
D:\callback\DrawPicture1\DrawPicture - OO - use\DrawPicture\Debug\link.10060.read.1.tlog
D:\callback\DrawPicture1\DrawPicture - OO - use\DrawPicture\Debug\link.10060.write.1.tlog
D:\callback\DrawPicture1\DrawPicture - OO - use\DrawPicture\Debug\link.10060-cvtres.read.1.tlog
D:\callback\DrawPicture1\DrawPicture - OO - use\DrawPicture\Debug\link.10060-cvtres.write.1.tlog
D:\callback\DrawPicture1\DrawPicture - OO - use\DrawPicture\Debug\link.10148.read.1.tlog
D:\callback\DrawPicture1\DrawPicture - OO - use\DrawPicture\Debug\link.10148.write.1.tlog
D:\callback\DrawPicture1\DrawPicture - OO - use\DrawPicture\Debug\link.10148-cvtres.read.1.tlog
D:\callback\DrawPicture1\DrawPicture - OO - use\DrawPicture\Debug\link.10148-cvtres.write.1.tlog
D:\callback\DrawPicture1\DrawPicture - OO - use\DrawPicture\Debug\link.10236.read.1.tlog
D:\callback\DrawPicture1\DrawPicture - OO - use\DrawPicture\Debug\link.10236.write.1.tlog
D:\callback\DrawPicture1\DrawPicture - OO - use\DrawPicture\Debug\link.10236-cvtres.read.1.tlog
D:\callback\DrawPicture1\DrawPicture - OO - use\DrawPicture\Debug\link.10236-cvtres.read.7.tlog
D:\callback\DrawPicture1\DrawPicture - OO - use\DrawPicture\Debug\link.10236-cvtres.write.1.tlog
D:\callback\DrawPicture1\DrawPicture - OO - use\DrawPicture\Debug\link.10252.read.1.tlog
D:\callback\DrawPicture1\DrawPicture - OO - use\DrawPicture\Debug\link.10252.write.1.tlog
D:\callback\DrawPicture1\DrawPicture - OO - use\DrawPicture\Debug\link.10252-cvtres.read.1.tlog
D:\callback\DrawPicture1\DrawPicture - OO - use\DrawPicture\Debug\link.10252-cvtres.write.1.tlog
D:\callback\DrawPicture1\DrawPicture - OO - use\DrawPicture\Debug\link.10296.read.1.tlog
D:\callback\DrawPicture1\DrawPicture - OO - use\DrawPicture\Debug\link.10296.write.1.tlog
D:\callback\DrawPicture1\DrawPicture - OO - use\DrawPicture\Debug\link.10296-cvtres.read.1.tlog
D:\callback\DrawPicture1\DrawPicture - OO - use\DrawPicture\Debug\link.10296-cvtres.write.1.tlog
D:\callback\DrawPicture1\DrawPicture - OO - use\DrawPicture\Debug\link.10564.read.1.tlog
D:\callback\DrawPicture1\DrawPicture - OO - use\DrawPicture\Debug\link.10564.write.1.tlog
D:\callback\DrawPicture1\DrawPicture - OO - use\DrawPicture\Debug\link.10564-cvtres.read.1.tlog
D:\callback\DrawPicture1\DrawPicture - OO - use\DrawPicture\Debug\link.10564-cvtres.write.1.tlog
D:\callback\DrawPicture1\DrawPicture - OO - use\DrawPicture\Debug\link.10656.read.1.tlog
D:\callback\DrawPicture1\DrawPicture - OO - use\DrawPicture\Debug\link.10656.write.1.tlog
D:\callback\DrawPicture1\DrawPicture - OO - use\DrawPicture\Debug\link.10656-cvtres.read.1.tlog
D:\callback\DrawPicture1\DrawPicture - OO - use\DrawPicture\Debug\link.10656-cvtres.write.1.tlog
D:\callback\DrawPicture1\DrawPicture - OO - use\DrawPicture\Debug\link.10780.read.1.tlog
D:\callback\DrawPicture1\DrawPicture - OO - use\DrawPicture\Debug\link.10780.write.1.tlog
D:\callback\DrawPicture1\DrawPicture - OO - use\DrawPicture\Debug\link.10780-cvtres.read.1.tlog
D:\callback\DrawPicture1\DrawPicture - OO - use\DrawPicture\Debug\link.10780-cvtres.write.1.tlog
D:\callback\DrawPicture1\DrawPicture - OO - use\DrawPicture\Debug\link.11052.read.1.tlog
D:\callback\DrawPicture1\DrawPicture - OO - use\DrawPicture\Debug\link.11052.write.1.tlog
D:\callback\DrawPicture1\DrawPicture - OO - use\DrawPicture\Debug\link.11052-cvtres.read.1.tlog
D:\callback\DrawPicture1\DrawPicture - OO - use\DrawPicture\Debug\link.11052-cvtres.read.7.tlog
D:\callback\DrawPicture1\DrawPicture - OO - use\DrawPicture\Debug\link.11052-cvtres.write.1.tlog
D:\callback\DrawPicture1\DrawPicture - OO - use\DrawPicture\Debug\link.11056.read.1.tlog
D:\callback\DrawPicture1\DrawPicture - OO - use\DrawPicture\Debug\link.11056.write.1.tlog
D:\callback\DrawPicture1\DrawPicture - OO - use\DrawPicture\Debug\link.11056-cvtres.read.1.tlog
D:\callback\DrawPicture1\DrawPicture - OO - use\DrawPicture\Debug\link.11056-cvtres.write.1.tlog
D:\callback\DrawPicture1\DrawPicture - OO - use\DrawPicture\Debug\link.11240.read.1.tlog
D:\callback\DrawPicture1\DrawPicture - OO - use\DrawPicture\Debug\link.11240.write.1.tlog
D:\callback\DrawPicture1\DrawPicture - OO - use\DrawPicture\Debug\link.11240-cvtres.read.1.tlog
D:\callback\DrawPicture1\DrawPicture - OO - use\DrawPicture\Debug\link.11240-cvtres.write.1.tlog
D:\callback\DrawPicture1\DrawPicture - OO - use\DrawPicture\Debug\link.11352.read.1.tlog
D:\callback\DrawPicture1\DrawPicture - OO - use\DrawPicture\Debug\link.11352.write.1.tlog
D:\callback\DrawPicture1\DrawPicture - OO - use\DrawPicture\Debug\link.11352-cvtres.read.1.tlog
D:\callback\DrawPicture1\DrawPicture - OO - use\DrawPicture\Debug\link.11352-cvtres.write.1.tlog
D:\callback\DrawPicture1\DrawPicture - OO - use\DrawPicture\Debug\link.11380.read.1.tlog
D:\callback\DrawPicture1\DrawPicture - OO - use\DrawPicture\Debug\link.11380.write.1.tlog
D:\callback\DrawPicture1\DrawPicture - OO - use\DrawPicture\Debug\link.11380-cvtres.read.1.tlog
D:\callback\DrawPicture1\DrawPicture - OO - use\DrawPicture\Debug\link.11380-cvtres.write.1.tlog
D:\callback\DrawPicture1\DrawPicture - OO - use\DrawPicture\Debug\link.11484.read.1.tlog
D:\callback\DrawPicture1\DrawPicture - OO - use\DrawPicture\Debug\link.11484.write.1.tlog
D:\callback\DrawPicture1\DrawPicture - OO - use\DrawPicture\Debug\link.11484-cvtres.read.1.tlog
D:\callback\DrawPicture1\DrawPicture - OO - use\DrawPicture\Debug\link.11484-cvtres.write.1.tlog
D:\callback\DrawPicture1\DrawPicture - OO - use\DrawPicture\Debug\link.1152.read.1.tlog
D:\callback\DrawPicture1\DrawPicture - OO - use\DrawPicture\Debug\link.1152.write.1.tlog
D:\callback\DrawPicture1\DrawPicture - OO - use\DrawPicture\Debug\link.1152-cvtres.read.1.tlog
D:\callback\DrawPicture1\DrawPicture - OO - use\DrawPicture\Debug\link.1152-cvtres.write.1.tlog
D:\callback\DrawPicture1\DrawPicture - OO - use\DrawPicture\Debug\link.11988.read.1.tlog
D:\callback\DrawPicture1\DrawPicture - OO - use\DrawPicture\Debug\link.11988.write.1.tlog
D:\callback\DrawPicture1\DrawPicture - OO - use\DrawPicture\Debug\link.11988-cvtres.read.1.tlog
D:\callback\DrawPicture1\DrawPicture - OO - use\DrawPicture\Debug\link.11988-cvtres.write.1.tlog
D:\callback\DrawPicture1\DrawPicture - OO - use\DrawPicture\Debug\link.11992.read.1.tlog
D:\callback\DrawPicture1\DrawPicture - OO - use\DrawPicture\Debug\link.11992.write.1.tlog
D:\callback\DrawPicture1\DrawPicture - OO - use\DrawPicture\Debug\link.11992-cvtres.read.1.tlog
D:\callback\DrawPicture1\DrawPicture - OO - use\DrawPicture\Debug\link.11992-cvtres.write.1.tlog
D:\callback\DrawPicture1\DrawPicture - OO - use\DrawPicture\Debug\link.12016.read.1.tlog
D:\callback\DrawPicture1\DrawPicture - OO - use\DrawPicture\Debug\link.12016.write.1.tlog
D:\callback\DrawPicture1\DrawPicture - OO - use\DrawPicture\Debug\link.12016-cvtres.read.1.tlog
D:\callback\DrawPicture1\DrawPicture - OO - use\DrawPicture\Debug\link.12016-cvtres.read.7.tlog
D:\callback\DrawPicture1\DrawPicture - OO - use\DrawPicture\Debug\link.12016-cvtres.write.1.tlog
D:\callback\DrawPicture1\DrawPicture - OO - use\DrawPicture\Debug\link.12076.read.1.tlog
D:\callback\DrawPicture1\DrawPicture - OO - use\DrawPicture\Debug\link.12076.write.1.tlog
D:\callback\DrawPicture1\DrawPicture - OO - use\DrawPicture\Debug\link.12076-cvtres.read.1.tlog
D:\callback\DrawPicture1\DrawPicture - OO - use\DrawPicture\Debug\link.12076-cvtres.write.1.tlog
D:\callback\DrawPicture1\DrawPicture - OO - use\DrawPicture\Debug\link.12156.read.1.tlog
D:\callback\DrawPicture1\DrawPicture - OO - use\DrawPicture\Debug\link.12156.write.1.tlog
D:\callback\DrawPicture1\DrawPicture - OO - use\DrawPicture\Debug\link.12156-cvtres.read.1.tlog
D:\callback\DrawPicture1\DrawPicture - OO - use\DrawPicture\Debug\link.12156-cvtres.write.1.tlog
D:\callback\DrawPicture1\DrawPicture - OO - use\DrawPicture\Debug\link.12252.read.1.tlog
D:\callback\DrawPicture1\DrawPicture - OO - use\DrawPicture\Debug\link.12252.write.1.tlog
D:\callback\DrawPicture1\DrawPicture - OO - use\DrawPicture\Debug\link.12252-cvtres.read.1.tlog
D:\callback\DrawPicture1\DrawPicture - OO - use\DrawPicture\Debug\link.12252-cvtres.write.1.tlog
D:\callback\DrawPicture1\DrawPicture - OO - use\DrawPicture\Debug\link.12372.read.1.tlog
D:\callback\DrawPicture1\DrawPicture - OO - use\DrawPicture\Debug\link.12372.write.1.tlog
D:\callback\DrawPicture1\DrawPicture - OO - use\DrawPicture\Debug\link.12372-cvtres.read.1.tlog
D:\callback\DrawPicture1\DrawPicture - OO - use\DrawPicture\Debug\link.12372-cvtres.write.1.tlog
D:\callback\DrawPicture1\DrawPicture - OO - use\DrawPicture\Debug\link.12476.read.1.tlog
D:\callback\DrawPicture1\DrawPicture - OO - use\DrawPicture\Debug\link.12476.write.1.tlog
D:\callback\DrawPicture1\DrawPicture - OO - use\DrawPicture\Debug\link.12476-cvtres.read.1.tlog
D:\callback\DrawPicture1\DrawPicture - OO - use\DrawPicture\Debug\link.12476-cvtres.write.1.tlog
D:\callback\DrawPicture1\DrawPicture - OO - use\DrawPicture\Debug\link.12496.read.1.tlog
D:\callback\DrawPicture1\DrawPicture - OO - use\DrawPicture\Debug\link.12496.write.1.tlog
D:\callback\DrawPicture1\DrawPicture - OO - use\DrawPicture\Debug\link.12496-cvtres.read.1.tlog
D:\callback\DrawPicture1\DrawPicture - OO - use\DrawPicture\Debug\link.12496-cvtres.read.4.tlog
D:\callback\DrawPicture1\DrawPicture - OO - use\DrawPicture\Debug\link.12496-cvtres.write.1.tlog
D:\callback\DrawPicture1\DrawPicture - OO - use\DrawPicture\Debug\link.12660.read.1.tlog
D:\callback\DrawPicture1\DrawPicture - OO - use\DrawPicture\Debug\link.12660.write.1.tlog
D:\callback\DrawPicture1\DrawPicture - OO - use\DrawPicture\Debug\link.12660-cvtres.read.1.tlog
D:\callback\DrawPicture1\DrawPicture - OO - use\DrawPicture\Debug\link.12660-cvtres.write.1.tlog
D:\callback\DrawPicture1\DrawPicture - OO - use\DrawPicture\Debug\link.12800.read.1.tlog
D:\callback\DrawPicture1\DrawPicture - OO - use\DrawPicture\Debug\link.12800.write.1.tlog
D:\callback\DrawPicture1\DrawPicture - OO - use\DrawPicture\Debug\link.12800-cvtres.read.1.tlog
D:\callback\DrawPicture1\DrawPicture - OO - use\DrawPicture\Debug\link.12800-cvtres.write.1.tlog
D:\callback\DrawPicture1\DrawPicture - OO - use\DrawPicture\Debug\link.12856.read.1.tlog
D:\callback\DrawPicture1\DrawPicture - OO - use\DrawPicture\Debug\link.12856.write.1.tlog
D:\callback\DrawPicture1\DrawPicture - OO - use\DrawPicture\Debug\link.12856-cvtres.read.1.tlog
D:\callback\DrawPicture1\DrawPicture - OO - use\DrawPicture\Debug\link.12856-cvtres.read.7.tlog
D:\callback\DrawPicture1\DrawPicture - OO - use\DrawPicture\Debug\link.12856-cvtres.write.1.tlog
D:\callback\DrawPicture1\DrawPicture - OO - use\DrawPicture\Debug\link.12884.read.1.tlog
D:\callback\DrawPicture1\DrawPicture - OO - use\DrawPicture\Debug\link.12884.write.1.tlog
D:\callback\DrawPicture1\DrawPicture - OO - use\DrawPicture\Debug\link.12884-cvtres.read.1.tlog
D:\callback\DrawPicture1\DrawPicture - OO - use\DrawPicture\Debug\link.12884-cvtres.write.1.tlog
D:\callback\DrawPicture1\DrawPicture - OO - use\DrawPicture\Debug\link.12940.read.1.tlog
D:\callback\DrawPicture1\DrawPicture - OO - use\DrawPicture\Debug\link.12940.write.1.tlog
D:\callback\DrawPicture1\DrawPicture - OO - use\DrawPicture\Debug\link.12940-cvtres.read.1.tlog
D:\callback\DrawPicture1\DrawPicture - OO - use\DrawPicture\Debug\link.12940-cvtres.write.1.tlog
D:\callback\DrawPicture1\DrawPicture - OO - use\DrawPicture\Debug\link.12944.read.1.tlog
D:\callback\DrawPicture1\DrawPicture - OO - use\DrawPicture\Debug\link.12944.write.1.tlog
D:\callback\DrawPicture1\DrawPicture - OO - use\DrawPicture\Debug\link.12944-cvtres.read.1.tlog
D:\callback\DrawPicture1\DrawPicture - OO - use\DrawPicture\Debug\link.12944-cvtres.write.1.tlog
D:\callback\DrawPicture1\DrawPicture - OO - use\DrawPicture\Debug\link.12996.read.1.tlog
D:\callback\DrawPicture1\DrawPicture - OO - use\DrawPicture\Debug\link.12996.write.1.tlog
D:\callback\DrawPicture1\DrawPicture - OO - use\DrawPicture\Debug\link.12996-cvtres.read.1.tlog
D:\callback\DrawPicture1\DrawPicture - OO - use\DrawPicture\Debug\link.12996-cvtres.write.1.tlog
D:\callback\DrawPicture1\DrawPicture - OO - use\DrawPicture\Debug\link.13024.read.1.tlog
D:\callback\DrawPicture1\DrawPicture - OO - use\DrawPicture\Debug\link.13024.write.1.tlog
D:\callback\DrawPicture1\DrawPicture - OO - use\DrawPicture\Debug\link.13024-cvtres.read.1.tlog
D:\callback\DrawPicture1\DrawPicture - OO - use\DrawPicture\Debug\link.13024-cvtres.write.1.tlog
D:\callback\DrawPicture1\DrawPicture - OO - use\DrawPicture\Debug\link.13072.read.1.tlog
D:\callback\DrawPicture1\DrawPicture - OO - use\DrawPicture\Debug\link.13072.write.1.tlog
D:\callback\DrawPicture1\DrawPicture - OO - use\DrawPicture\Debug\link.13072-cvtres.read.1.tlog
D:\callback\DrawPicture1\DrawPicture - OO - use\DrawPicture\Debug\link.13072-cvtres.write.1.tlog
D:\callback\DrawPicture1\DrawPicture - OO - use\DrawPicture\Debug\link.13088.read.1.tlog
D:\callback\DrawPicture1\DrawPicture - OO - use\DrawPicture\Debug\link.13088.write.1.tlog
D:\callback\DrawPicture1\DrawPicture - OO - use\DrawPicture\Debug\link.13088-cvtres.read.1.tlog
D:\callback\DrawPicture1\DrawPicture - OO - use\DrawPicture\Debug\link.13088-cvtres.read.7.tlog
D:\callback\DrawPicture1\DrawPicture - OO - use\DrawPicture\Debug\link.13088-cvtres.write.1.tlog
D:\callback\DrawPicture1\DrawPicture - OO - use\DrawPicture\Debug\link.13108.read.1.tlog
D:\callback\DrawPicture1\DrawPicture - OO - use\DrawPicture\Debug\link.13108.write.1.tlog
D:\callback\DrawPicture1\DrawPicture - OO - use\DrawPicture\Debug\link.13108-cvtres.read.1.tlog
D:\callback\DrawPicture1\DrawPicture - OO - use\DrawPicture\Debug\link.13108-cvtres.write.1.tlog
D:\callback\DrawPicture1\DrawPicture - OO - use\DrawPicture\Debug\link.13248.read.1.tlog
D:\callback\DrawPicture1\DrawPicture - OO - use\DrawPicture\Debug\link.13248.write.1.tlog
D:\callback\DrawPicture1\DrawPicture - OO - use\DrawPicture\Debug\link.13248-cvtres.read.1.tlog
D:\callback\DrawPicture1\DrawPicture - OO - use\DrawPicture\Debug\link.13248-cvtres.write.1.tlog
D:\callback\DrawPicture1\DrawPicture - OO - use\DrawPicture\Debug\link.13304.read.1.tlog
D:\callback\DrawPicture1\DrawPicture - OO - use\DrawPicture\Debug\link.13304.write.1.tlog
D:\callback\DrawPicture1\DrawPicture - OO - use\DrawPicture\Debug\link.13304-cvtres.read.1.tlog
D:\callback\DrawPicture1\DrawPicture - OO - use\DrawPicture\Debug\link.13304-cvtres.write.1.tlog
D:\callback\DrawPicture1\DrawPicture - OO - use\DrawPicture\Debug\link.13368.read.1.tlog
D:\callback\DrawPicture1\DrawPicture - OO - use\DrawPicture\Debug\link.13368.write.1.tlog
D:\callback\DrawPicture1\DrawPicture - OO - use\DrawPicture\Debug\link.13368-cvtres.read.1.tlog
D:\callback\DrawPicture1\DrawPicture - OO - use\DrawPicture\Debug\link.13368-cvtres.write.1.tlog
D:\callback\DrawPicture1\DrawPicture - OO - use\DrawPicture\Debug\link.13424.read.1.tlog
D:\callback\DrawPicture1\DrawPicture - OO - use\DrawPicture\Debug\link.13424.write.1.tlog
D:\callback\DrawPicture1\DrawPicture - OO - use\DrawPicture\Debug\link.13424-cvtres.read.1.tlog
D:\callback\DrawPicture1\DrawPicture - OO - use\DrawPicture\Debug\link.13424-cvtres.write.1.tlog
D:\callback\DrawPicture1\DrawPicture - OO - use\DrawPicture\Debug\link.13444.read.1.tlog
D:\callback\DrawPicture1\DrawPicture - OO - use\DrawPicture\Debug\link.13444.write.1.tlog
D:\callback\DrawPicture1\DrawPicture - OO - use\DrawPicture\Debug\link.13444-cvtres.read.1.tlog
D:\callback\DrawPicture1\DrawPicture - OO - use\DrawPicture\Debug\link.13444-cvtres.write.1.tlog
D:\callback\DrawPicture1\DrawPicture - OO - use\DrawPicture\Debug\link.13452.read.1.tlog
D:\callback\DrawPicture1\DrawPicture - OO - use\DrawPicture\Debug\link.13452.write.1.tlog
D:\callback\DrawPicture1\DrawPicture - OO - use\DrawPicture\Debug\link.13452-cvtres.read.1.tlog
D:\callback\DrawPicture1\DrawPicture - OO - use\DrawPicture\Debug\link.13452-cvtres.write.1.tlog
D:\callback\DrawPicture1\DrawPicture - OO - use\DrawPicture\Debug\link.13460.read.1.tlog
D:\callback\DrawPicture1\DrawPicture - OO - use\DrawPicture\Debug\link.13460.write.1.tlog
D:\callback\DrawPicture1\DrawPicture - OO - use\DrawPicture\Debug\link.13460-cvtres.read.1.tlog
D:\callback\DrawPicture1\DrawPicture - OO - use\DrawPicture\Debug\link.13460-cvtres.write.1.tlog
D:\callback\DrawPicture1\DrawPicture - OO - use\DrawPicture\Debug\link.13532.read.1.tlog
D:\callback\DrawPicture1\DrawPicture - OO - use\DrawPicture\Debug\link.13532.write.1.tlog
D:\callback\DrawPicture1\DrawPicture - OO - use\DrawPicture\Debug\link.13532-cvtres.read.1.tlog
D:\callback\DrawPicture1\DrawPicture - OO - use\DrawPicture\Debug\link.13532-cvtres.write.1.tlog
D:\callback\DrawPicture1\DrawPicture - OO - use\DrawPicture\Debug\link.13572.read.1.tlog
D:\callback\DrawPicture1\DrawPicture - OO - use\DrawPicture\Debug\link.13572.write.1.tlog
D:\callback\DrawPicture1\DrawPicture - OO - use\DrawPicture\Debug\link.13572-cvtres.read.1.tlog
D:\callback\DrawPicture1\DrawPicture - OO - use\DrawPicture\Debug\link.13572-cvtres.write.1.tlog
D:\callback\DrawPicture1\DrawPicture - OO - use\DrawPicture\Debug\link.13700.read.1.tlog
D:\callback\DrawPicture1\DrawPicture - OO - use\DrawPicture\Debug\link.13700.write.1.tlog
D:\callback\DrawPicture1\DrawPicture - OO - use\DrawPicture\Debug\link.13700-cvtres.read.1.tlog
D:\callback\DrawPicture1\DrawPicture - OO - use\DrawPicture\Debug\link.13700-cvtres.write.1.tlog
D:\callback\DrawPicture1\DrawPicture - OO - use\DrawPicture\Debug\link.13952.read.1.tlog
D:\callback\DrawPicture1\DrawPicture - OO - use\DrawPicture\Debug\link.13952.write.1.tlog
D:\callback\DrawPicture1\DrawPicture - OO - use\DrawPicture\Debug\link.13952-cvtres.read.1.tlog
D:\callback\DrawPicture1\DrawPicture - OO - use\DrawPicture\Debug\link.13952-cvtres.write.1.tlog
D:\callback\DrawPicture1\DrawPicture - OO - use\DrawPicture\Debug\link.13964.read.1.tlog
D:\callback\DrawPicture1\DrawPicture - OO - use\DrawPicture\Debug\link.13964.write.1.tlog
D:\callback\DrawPicture1\DrawPicture - OO - use\DrawPicture\Debug\link.13964-cvtres.read.1.tlog
D:\callback\DrawPicture1\DrawPicture - OO - use\DrawPicture\Debug\link.13964-cvtres.write.1.tlog
D:\callback\DrawPicture1\DrawPicture - OO - use\DrawPicture\Debug\link.14000.read.1.tlog
D:\callback\DrawPicture1\DrawPicture - OO - use\DrawPicture\Debug\link.14000.write.1.tlog
D:\callback\DrawPicture1\DrawPicture - OO - use\DrawPicture\Debug\link.14000-cvtres.read.1.tlog
D:\callback\DrawPicture1\DrawPicture - OO - use\DrawPicture\Debug\link.14000-cvtres.write.1.tlog
D:\callback\DrawPicture1\DrawPicture - OO - use\DrawPicture\Debug\link.14108.read.1.tlog
D:\callback\DrawPicture1\DrawPicture - OO - use\DrawPicture\Debug\link.14108.write.1.tlog
D:\callback\DrawPicture1\DrawPicture - OO - use\DrawPicture\Debug\link.14108-cvtres.read.1.tlog
D:\callback\DrawPicture1\DrawPicture - OO - use\DrawPicture\Debug\link.14108-cvtres.read.5.tlog
D:\callback\DrawPicture1\DrawPicture - OO - use\DrawPicture\Debug\link.14108-cvtres.write.1.tlog
D:\callback\DrawPicture1\DrawPicture - OO - use\DrawPicture\Debug\link.14140.read.1.tlog
D:\callback\DrawPicture1\DrawPicture - OO - use\DrawPicture\Debug\link.14140.write.1.tlog
D:\callback\DrawPicture1\DrawPicture - OO - use\DrawPicture\Debug\link.14140-cvtres.read.1.tlog
D:\callback\DrawPicture1\DrawPicture - OO - use\DrawPicture\Debug\link.14140-cvtres.write.1.tlog
D:\callback\DrawPicture1\DrawPicture - OO - use\DrawPicture\Debug\link.14212.read.1.tlog
D:\callback\DrawPicture1\DrawPicture - OO - use\DrawPicture\Debug\link.14212.write.1.tlog
D:\callback\DrawPicture1\DrawPicture - OO - use\DrawPicture\Debug\link.14212-cvtres.read.1.tlog
D:\callback\DrawPicture1\DrawPicture - OO - use\DrawPicture\Debug\link.14212-cvtres.write.1.tlog
D:\callback\DrawPicture1\DrawPicture - OO - use\DrawPicture\Debug\link.14400.read.1.tlog
D:\callback\DrawPicture1\DrawPicture - OO - use\DrawPicture\Debug\link.14400.write.1.tlog
D:\callback\DrawPicture1\DrawPicture - OO - use\DrawPicture\Debug\link.14400-cvtres.read.1.tlog
D:\callback\DrawPicture1\DrawPicture - OO - use\DrawPicture\Debug\link.14400-cvtres.write.1.tlog
D:\callback\DrawPicture1\DrawPicture - OO - use\DrawPicture\Debug\link.14452.read.1.tlog
D:\callback\DrawPicture1\DrawPicture - OO - use\DrawPicture\Debug\link.14452.write.1.tlog
D:\callback\DrawPicture1\DrawPicture - OO - use\DrawPicture\Debug\link.14452-cvtres.read.1.tlog
D:\callback\DrawPicture1\DrawPicture - OO - use\DrawPicture\Debug\link.14452-cvtres.write.1.tlog
D:\callback\DrawPicture1\DrawPicture - OO - use\DrawPicture\Debug\link.14520.read.1.tlog
D:\callback\DrawPicture1\DrawPicture - OO - use\DrawPicture\Debug\link.14520.write.1.tlog
D:\callback\DrawPicture1\DrawPicture - OO - use\DrawPicture\Debug\link.14520-cvtres.read.1.tlog
D:\callback\DrawPicture1\DrawPicture - OO - use\DrawPicture\Debug\link.14520-cvtres.write.1.tlog
D:\callback\DrawPicture1\DrawPicture - OO - use\DrawPicture\Debug\link.14528.read.1.tlog
D:\callback\DrawPicture1\DrawPicture - OO - use\DrawPicture\Debug\link.14528.write.1.tlog
D:\callback\DrawPicture1\DrawPicture - OO - use\DrawPicture\Debug\link.14528-cvtres.read.1.tlog
D:\callback\DrawPicture1\DrawPicture - OO - use\DrawPicture\Debug\link.14528-cvtres.read.7.tlog
D:\callback\DrawPicture1\DrawPicture - OO - use\DrawPicture\Debug\link.14528-cvtres.write.1.tlog
D:\callback\DrawPicture1\DrawPicture - OO - use\DrawPicture\Debug\link.14856.read.1.tlog
D:\callback\DrawPicture1\DrawPicture - OO - use\DrawPicture\Debug\link.14856.write.1.tlog
D:\callback\DrawPicture1\DrawPicture - OO - use\DrawPicture\Debug\link.14856-cvtres.read.1.tlog
D:\callback\DrawPicture1\DrawPicture - OO - use\DrawPicture\Debug\link.14856-cvtres.write.1.tlog
D:\callback\DrawPicture1\DrawPicture - OO - use\DrawPicture\Debug\link.14864.read.1.tlog
D:\callback\DrawPicture1\DrawPicture - OO - use\DrawPicture\Debug\link.14864.write.1.tlog
D:\callback\DrawPicture1\DrawPicture - OO - use\DrawPicture\Debug\link.14864-cvtres.read.1.tlog
D:\callback\DrawPicture1\DrawPicture - OO - use\DrawPicture\Debug\link.14864-cvtres.write.1.tlog
D:\callback\DrawPicture1\DrawPicture - OO - use\DrawPicture\Debug\link.14884.read.1.tlog
D:\callback\DrawPicture1\DrawPicture - OO - use\DrawPicture\Debug\link.14884.write.1.tlog
D:\callback\DrawPicture1\DrawPicture - OO - use\DrawPicture\Debug\link.14884-cvtres.read.1.tlog
D:\callback\DrawPicture1\DrawPicture - OO - use\DrawPicture\Debug\link.14884-cvtres.write.1.tlog
D:\callback\DrawPicture1\DrawPicture - OO - use\DrawPicture\Debug\link.14992.read.1.tlog
D:\callback\DrawPicture1\DrawPicture - OO - use\DrawPicture\Debug\link.14992.write.1.tlog
D:\callback\DrawPicture1\DrawPicture - OO - use\DrawPicture\Debug\link.14992-cvtres.read.1.tlog
D:\callback\DrawPicture1\DrawPicture - OO - use\DrawPicture\Debug\link.14992-cvtres.write.1.tlog
D:\callback\DrawPicture1\DrawPicture - OO - use\DrawPicture\Debug\link.1500.read.1.tlog
D:\callback\DrawPicture1\DrawPicture - OO - use\DrawPicture\Debug\link.1500.write.1.tlog
D:\callback\DrawPicture1\DrawPicture - OO - use\DrawPicture\Debug\link.1500-cvtres.read.1.tlog
D:\callback\DrawPicture1\DrawPicture - OO - use\DrawPicture\Debug\link.1500-cvtres.write.1.tlog
D:\callback\DrawPicture1\DrawPicture - OO - use\DrawPicture\Debug\link.15132.read.1.tlog
D:\callback\DrawPicture1\DrawPicture - OO - use\DrawPicture\Debug\link.15132.write.1.tlog
D:\callback\DrawPicture1\DrawPicture - OO - use\DrawPicture\Debug\link.15132-cvtres.read.1.tlog
D:\callback\DrawPicture1\DrawPicture - OO - use\DrawPicture\Debug\link.15132-cvtres.read.7.tlog
D:\callback\DrawPicture1\DrawPicture - OO - use\DrawPicture\Debug\link.15132-cvtres.write.1.tlog
D:\callback\DrawPicture1\DrawPicture - OO - use\DrawPicture\Debug\link.15172.read.1.tlog
D:\callback\DrawPicture1\DrawPicture - OO - use\DrawPicture\Debug\link.15172.write.1.tlog
D:\callback\DrawPicture1\DrawPicture - OO - use\DrawPicture\Debug\link.15172-cvtres.read.1.tlog
D:\callback\DrawPicture1\DrawPicture - OO - use\DrawPicture\Debug\link.15172-cvtres.read.7.tlog
D:\callback\DrawPicture1\DrawPicture - OO - use\DrawPicture\Debug\link.15172-cvtres.write.1.tlog
D:\callback\DrawPicture1\DrawPicture - OO - use\DrawPicture\Debug\link.15176.read.1.tlog
D:\callback\DrawPicture1\DrawPicture - OO - use\DrawPicture\Debug\link.15176.write.1.tlog
D:\callback\DrawPicture1\DrawPicture - OO - use\DrawPicture\Debug\link.15176-cvtres.read.1.tlog
D:\callback\DrawPicture1\DrawPicture - OO - use\DrawPicture\Debug\link.15176-cvtres.write.1.tlog
D:\callback\DrawPicture1\DrawPicture - OO - use\DrawPicture\Debug\link.15208.read.1.tlog
D:\callback\DrawPicture1\DrawPicture - OO - use\DrawPicture\Debug\link.15208.write.1.tlog
D:\callback\DrawPicture1\DrawPicture - OO - use\DrawPicture\Debug\link.15208-cvtres.read.1.tlog
D:\callback\DrawPicture1\DrawPicture - OO - use\DrawPicture\Debug\link.15208-cvtres.read.6.tlog
D:\callback\DrawPicture1\DrawPicture - OO - use\DrawPicture\Debug\link.15208-cvtres.write.1.tlog
D:\callback\DrawPicture1\DrawPicture - OO - use\DrawPicture\Debug\link.15284.read.1.tlog
D:\callback\DrawPicture1\DrawPicture - OO - use\DrawPicture\Debug\link.15284.write.1.tlog
D:\callback\DrawPicture1\DrawPicture - OO - use\DrawPicture\Debug\link.15284-cvtres.read.1.tlog
D:\callback\DrawPicture1\DrawPicture - OO - use\DrawPicture\Debug\link.15284-cvtres.write.1.tlog
D:\callback\DrawPicture1\DrawPicture - OO - use\DrawPicture\Debug\link.15288.read.1.tlog
D:\callback\DrawPicture1\DrawPicture - OO - use\DrawPicture\Debug\link.15288.write.1.tlog
D:\callback\DrawPicture1\DrawPicture - OO - use\DrawPicture\Debug\link.15288-cvtres.read.1.tlog
D:\callback\DrawPicture1\DrawPicture - OO - use\DrawPicture\Debug\link.15288-cvtres.write.1.tlog
D:\callback\DrawPicture1\DrawPicture - OO - use\DrawPicture\Debug\link.15364.read.1.tlog
D:\callback\DrawPicture1\DrawPicture - OO - use\DrawPicture\Debug\link.15364.write.1.tlog
D:\callback\DrawPicture1\DrawPicture - OO - use\DrawPicture\Debug\link.15364-cvtres.read.1.tlog
D:\callback\DrawPicture1\DrawPicture - OO - use\DrawPicture\Debug\link.15364-cvtres.write.1.tlog
D:\callback\DrawPicture1\DrawPicture - OO - use\DrawPicture\Debug\link.15416.read.1.tlog
D:\callback\DrawPicture1\DrawPicture - OO - use\DrawPicture\Debug\link.15416.write.1.tlog
D:\callback\DrawPicture1\DrawPicture - OO - use\DrawPicture\Debug\link.15416-cvtres.read.1.tlog
D:\callback\DrawPicture1\DrawPicture - OO - use\DrawPicture\Debug\link.15416-cvtres.write.1.tlog
D:\callback\DrawPicture1\DrawPicture - OO - use\DrawPicture\Debug\link.15504.read.1.tlog
D:\callback\DrawPicture1\DrawPicture - OO - use\DrawPicture\Debug\link.15504.write.1.tlog
D:\callback\DrawPicture1\DrawPicture - OO - use\DrawPicture\Debug\link.15504-cvtres.read.1.tlog
D:\callback\DrawPicture1\DrawPicture - OO - use\DrawPicture\Debug\link.15504-cvtres.write.1.tlog
D:\callback\DrawPicture1\DrawPicture - OO - use\DrawPicture\Debug\link.15944.read.1.tlog
D:\callback\DrawPicture1\DrawPicture - OO - use\DrawPicture\Debug\link.15944.write.1.tlog
D:\callback\DrawPicture1\DrawPicture - OO - use\DrawPicture\Debug\link.15944-cvtres.read.1.tlog
D:\callback\DrawPicture1\DrawPicture - OO - use\DrawPicture\Debug\link.15944-cvtres.read.6.tlog
D:\callback\DrawPicture1\DrawPicture - OO - use\DrawPicture\Debug\link.15944-cvtres.write.1.tlog
D:\callback\DrawPicture1\DrawPicture - OO - use\DrawPicture\Debug\link.1596.read.1.tlog
D:\callback\DrawPicture1\DrawPicture - OO - use\DrawPicture\Debug\link.1596.write.1.tlog
D:\callback\DrawPicture1\DrawPicture - OO - use\DrawPicture\Debug\link.1596-cvtres.read.1.tlog
D:\callback\DrawPicture1\DrawPicture - OO - use\DrawPicture\Debug\link.1596-cvtres.write.1.tlog
D:\callback\DrawPicture1\DrawPicture - OO - use\DrawPicture\Debug\link.15972.read.1.tlog
D:\callback\DrawPicture1\DrawPicture - OO - use\DrawPicture\Debug\link.15972.write.1.tlog
D:\callback\DrawPicture1\DrawPicture - OO - use\DrawPicture\Debug\link.15972-cvtres.read.1.tlog
D:\callback\DrawPicture1\DrawPicture - OO - use\DrawPicture\Debug\link.15972-cvtres.write.1.tlog
D:\callback\DrawPicture1\DrawPicture - OO - use\DrawPicture\Debug\link.16064.read.1.tlog
D:\callback\DrawPicture1\DrawPicture - OO - use\DrawPicture\Debug\link.16064.write.1.tlog
D:\callback\DrawPicture1\DrawPicture - OO - use\DrawPicture\Debug\link.16064-cvtres.read.1.tlog
D:\callback\DrawPicture1\DrawPicture - OO - use\DrawPicture\Debug\link.16064-cvtres.write.1.tlog
D:\callback\DrawPicture1\DrawPicture - OO - use\DrawPicture\Debug\link.16100.read.1.tlog
D:\callback\DrawPicture1\DrawPicture - OO - use\DrawPicture\Debug\link.16100.write.1.tlog
D:\callback\DrawPicture1\DrawPicture - OO - use\DrawPicture\Debug\link.16100-cvtres.read.1.tlog
D:\callback\DrawPicture1\DrawPicture - OO - use\DrawPicture\Debug\link.16100-cvtres.write.1.tlog
D:\callback\DrawPicture1\DrawPicture - OO - use\DrawPicture\Debug\link.16104.read.1.tlog
D:\callback\DrawPicture1\DrawPicture - OO - use\DrawPicture\Debug\link.16104.write.1.tlog
D:\callback\DrawPicture1\DrawPicture - OO - use\DrawPicture\Debug\link.16104-cvtres.read.1.tlog
D:\callback\DrawPicture1\DrawPicture - OO - use\DrawPicture\Debug\link.16104-cvtres.write.1.tlog
D:\callback\DrawPicture1\DrawPicture - OO - use\DrawPicture\Debug\link.16128.read.1.tlog
D:\callback\DrawPicture1\DrawPicture - OO - use\DrawPicture\Debug\link.16128.write.1.tlog
D:\callback\DrawPicture1\DrawPicture - OO - use\DrawPicture\Debug\link.16128-cvtres.read.1.tlog
D:\callback\DrawPicture1\DrawPicture - OO - use\DrawPicture\Debug\link.16128-cvtres.write.1.tlog
D:\callback\DrawPicture1\DrawPicture - OO - use\DrawPicture\Debug\link.16400.read.1.tlog
D:\callback\DrawPicture1\DrawPicture - OO - use\DrawPicture\Debug\link.16400.write.1.tlog
D:\callback\DrawPicture1\DrawPicture - OO - use\DrawPicture\Debug\link.16400-cvtres.read.1.tlog
D:\callback\DrawPicture1\DrawPicture - OO - use\DrawPicture\Debug\link.16400-cvtres.write.1.tlog
D:\callback\DrawPicture1\DrawPicture - OO - use\DrawPicture\Debug\link.16536.read.1.tlog
D:\callback\DrawPicture1\DrawPicture - OO - use\DrawPicture\Debug\link.16536.write.1.tlog
D:\callback\DrawPicture1\DrawPicture - OO - use\DrawPicture\Debug\link.16536-cvtres.read.1.tlog
D:\callback\DrawPicture1\DrawPicture - OO - use\DrawPicture\Debug\link.16536-cvtres.write.1.tlog
D:\callback\DrawPicture1\DrawPicture - OO - use\DrawPicture\Debug\link.16548.read.1.tlog
D:\callback\DrawPicture1\DrawPicture - OO - use\DrawPicture\Debug\link.16548.write.1.tlog
D:\callback\DrawPicture1\DrawPicture - OO - use\DrawPicture\Debug\link.16548-cvtres.read.1.tlog
D:\callback\DrawPicture1\DrawPicture - OO - use\DrawPicture\Debug\link.16548-cvtres.write.1.tlog
D:\callback\DrawPicture1\DrawPicture - OO - use\DrawPicture\Debug\link.16564.read.1.tlog
D:\callback\DrawPicture1\DrawPicture - OO - use\DrawPicture\Debug\link.16564.write.1.tlog
D:\callback\DrawPicture1\DrawPicture - OO - use\DrawPicture\Debug\link.16564-cvtres.read.1.tlog
D:\callback\DrawPicture1\DrawPicture - OO - use\DrawPicture\Debug\link.16564-cvtres.write.1.tlog
D:\callback\DrawPicture1\DrawPicture - OO - use\DrawPicture\Debug\link.16568.read.1.tlog
D:\callback\DrawPicture1\DrawPicture - OO - use\DrawPicture\Debug\link.16568.write.1.tlog
D:\callback\DrawPicture1\DrawPicture - OO - use\DrawPicture\Debug\link.16568-cvtres.read.1.tlog
D:\callback\DrawPicture1\DrawPicture - OO - use\DrawPicture\Debug\link.16568-cvtres.write.1.tlog
D:\callback\DrawPicture1\DrawPicture - OO - use\DrawPicture\Debug\link.16716.read.1.tlog
D:\callback\DrawPicture1\DrawPicture - OO - use\DrawPicture\Debug\link.16716.write.1.tlog
D:\callback\DrawPicture1\DrawPicture - OO - use\DrawPicture\Debug\link.16716-cvtres.read.1.tlog
D:\callback\DrawPicture1\DrawPicture - OO - use\DrawPicture\Debug\link.16716-cvtres.write.1.tlog
D:\callback\DrawPicture1\DrawPicture - OO - use\DrawPicture\Debug\link.16868.read.1.tlog
D:\callback\DrawPicture1\DrawPicture - OO - use\DrawPicture\Debug\link.16868.write.1.tlog
D:\callback\DrawPicture1\DrawPicture - OO - use\DrawPicture\Debug\link.16868-cvtres.read.1.tlog
D:\callback\DrawPicture1\DrawPicture - OO - use\DrawPicture\Debug\link.16868-cvtres.write.1.tlog
D:\callback\DrawPicture1\DrawPicture - OO - use\DrawPicture\Debug\link.16888.read.1.tlog
D:\callback\DrawPicture1\DrawPicture - OO - use\DrawPicture\Debug\link.16888.write.1.tlog
D:\callback\DrawPicture1\DrawPicture - OO - use\DrawPicture\Debug\link.16888-cvtres.read.1.tlog
D:\callback\DrawPicture1\DrawPicture - OO - use\DrawPicture\Debug\link.16888-cvtres.write.1.tlog
D:\callback\DrawPicture1\DrawPicture - OO - use\DrawPicture\Debug\link.16908.read.1.tlog
D:\callback\DrawPicture1\DrawPicture - OO - use\DrawPicture\Debug\link.16908.write.1.tlog
D:\callback\DrawPicture1\DrawPicture - OO - use\DrawPicture\Debug\link.16908-cvtres.read.1.tlog
D:\callback\DrawPicture1\DrawPicture - OO - use\DrawPicture\Debug\link.16908-cvtres.write.1.tlog
D:\callback\DrawPicture1\DrawPicture - OO - use\DrawPicture\Debug\link.16952.read.1.tlog
D:\callback\DrawPicture1\DrawPicture - OO - use\DrawPicture\Debug\link.16952.write.1.tlog
D:\callback\DrawPicture1\DrawPicture - OO - use\DrawPicture\Debug\link.16952-cvtres.read.1.tlog
D:\callback\DrawPicture1\DrawPicture - OO - use\DrawPicture\Debug\link.16952-cvtres.write.1.tlog
D:\callback\DrawPicture1\DrawPicture - OO - use\DrawPicture\Debug\link.1704.read.1.tlog
D:\callback\DrawPicture1\DrawPicture - OO - use\DrawPicture\Debug\link.1704.write.1.tlog
D:\callback\DrawPicture1\DrawPicture - OO - use\DrawPicture\Debug\link.1704-cvtres.read.1.tlog
D:\callback\DrawPicture1\DrawPicture - OO - use\DrawPicture\Debug\link.1704-cvtres.write.1.tlog
D:\callback\DrawPicture1\DrawPicture - OO - use\DrawPicture\Debug\link.17248.read.1.tlog
D:\callback\DrawPicture1\DrawPicture - OO - use\DrawPicture\Debug\link.17248.write.1.tlog
D:\callback\DrawPicture1\DrawPicture - OO - use\DrawPicture\Debug\link.17248-cvtres.read.1.tlog
D:\callback\DrawPicture1\DrawPicture - OO - use\DrawPicture\Debug\link.17248-cvtres.write.1.tlog
D:\callback\DrawPicture1\DrawPicture - OO - use\DrawPicture\Debug\link.17424.read.1.tlog
D:\callback\DrawPicture1\DrawPicture - OO - use\DrawPicture\Debug\link.17424.write.1.tlog
D:\callback\DrawPicture1\DrawPicture - OO - use\DrawPicture\Debug\link.17424-cvtres.read.1.tlog
D:\callback\DrawPicture1\DrawPicture - OO - use\DrawPicture\Debug\link.17424-cvtres.write.1.tlog
D:\callback\DrawPicture1\DrawPicture - OO - use\DrawPicture\Debug\link.17440.read.1.tlog
D:\callback\DrawPicture1\DrawPicture - OO - use\DrawPicture\Debug\link.17440.write.1.tlog
D:\callback\DrawPicture1\DrawPicture - OO - use\DrawPicture\Debug\link.17440-cvtres.read.1.tlog
D:\callback\DrawPicture1\DrawPicture - OO - use\DrawPicture\Debug\link.17440-cvtres.write.1.tlog
D:\callback\DrawPicture1\DrawPicture - OO - use\DrawPicture\Debug\link.17460.read.1.tlog
D:\callback\DrawPicture1\DrawPicture - OO - use\DrawPicture\Debug\link.17460.write.1.tlog
D:\callback\DrawPicture1\DrawPicture - OO - use\DrawPicture\Debug\link.17460-cvtres.read.1.tlog
D:\callback\DrawPicture1\DrawPicture - OO - use\DrawPicture\Debug\link.17460-cvtres.write.1.tlog
D:\callback\DrawPicture1\DrawPicture - OO - use\DrawPicture\Debug\link.17592.read.1.tlog
D:\callback\DrawPicture1\DrawPicture - OO - use\DrawPicture\Debug\link.17592.write.1.tlog
D:\callback\DrawPicture1\DrawPicture - OO - use\DrawPicture\Debug\link.17592-cvtres.read.1.tlog
D:\callback\DrawPicture1\DrawPicture - OO - use\DrawPicture\Debug\link.17592-cvtres.write.1.tlog
D:\callback\DrawPicture1\DrawPicture - OO - use\DrawPicture\Debug\link.17596.read.1.tlog
D:\callback\DrawPicture1\DrawPicture - OO - use\DrawPicture\Debug\link.17596.write.1.tlog
D:\callback\DrawPicture1\DrawPicture - OO - use\DrawPicture\Debug\link.17596-cvtres.read.1.tlog
D:\callback\DrawPicture1\DrawPicture - OO - use\DrawPicture\Debug\link.17596-cvtres.write.1.tlog
D:\callback\DrawPicture1\DrawPicture - OO - use\DrawPicture\Debug\link.17736.read.1.tlog
D:\callback\DrawPicture1\DrawPicture - OO - use\DrawPicture\Debug\link.17736.write.1.tlog
D:\callback\DrawPicture1\DrawPicture - OO - use\DrawPicture\Debug\link.17736-cvtres.read.1.tlog
D:\callback\DrawPicture1\DrawPicture - OO - use\DrawPicture\Debug\link.17736-cvtres.write.1.tlog
D:\callback\DrawPicture1\DrawPicture - OO - use\DrawPicture\Debug\link.17900.read.1.tlog
D:\callback\DrawPicture1\DrawPicture - OO - use\DrawPicture\Debug\link.17900.write.1.tlog
D:\callback\DrawPicture1\DrawPicture - OO - use\DrawPicture\Debug\link.17900-cvtres.read.1.tlog
D:\callback\DrawPicture1\DrawPicture - OO - use\DrawPicture\Debug\link.17900-cvtres.write.1.tlog
D:\callback\DrawPicture1\DrawPicture - OO - use\DrawPicture\Debug\link.18112.read.1.tlog
D:\callback\DrawPicture1\DrawPicture - OO - use\DrawPicture\Debug\link.18112.write.1.tlog
D:\callback\DrawPicture1\DrawPicture - OO - use\DrawPicture\Debug\link.18112-cvtres.read.1.tlog
D:\callback\DrawPicture1\DrawPicture - OO - use\DrawPicture\Debug\link.18112-cvtres.write.1.tlog
D:\callback\DrawPicture1\DrawPicture - OO - use\DrawPicture\Debug\link.18208.read.1.tlog
D:\callback\DrawPicture1\DrawPicture - OO - use\DrawPicture\Debug\link.18208.write.1.tlog
D:\callback\DrawPicture1\DrawPicture - OO - use\DrawPicture\Debug\link.18208-cvtres.read.1.tlog
D:\callback\DrawPicture1\DrawPicture - OO - use\DrawPicture\Debug\link.18208-cvtres.write.1.tlog
D:\callback\DrawPicture1\DrawPicture - OO - use\DrawPicture\Debug\link.18240.read.1.tlog
D:\callback\DrawPicture1\DrawPicture - OO - use\DrawPicture\Debug\link.18240.write.1.tlog
D:\callback\DrawPicture1\DrawPicture - OO - use\DrawPicture\Debug\link.18240-cvtres.read.1.tlog
D:\callback\DrawPicture1\DrawPicture - OO - use\DrawPicture\Debug\link.18240-cvtres.write.1.tlog
D:\callback\DrawPicture1\DrawPicture - OO - use\DrawPicture\Debug\link.18256.read.1.tlog
D:\callback\DrawPicture1\DrawPicture - OO - use\DrawPicture\Debug\link.18256.write.1.tlog
D:\callback\DrawPicture1\DrawPicture - OO - use\DrawPicture\Debug\link.18256-cvtres.read.1.tlog
D:\callback\DrawPicture1\DrawPicture - OO - use\DrawPicture\Debug\link.18256-cvtres.write.1.tlog
D:\callback\DrawPicture1\DrawPicture - OO - use\DrawPicture\Debug\link.18412.read.1.tlog
D:\callback\DrawPicture1\DrawPicture - OO - use\DrawPicture\Debug\link.18412.write.1.tlog
D:\callback\DrawPicture1\DrawPicture - OO - use\DrawPicture\Debug\link.18412-cvtres.read.1.tlog
D:\callback\DrawPicture1\DrawPicture - OO - use\DrawPicture\Debug\link.18412-cvtres.write.1.tlog
D:\callback\DrawPicture1\DrawPicture - OO - use\DrawPicture\Debug\link.1864.read.1.tlog
D:\callback\DrawPicture1\DrawPicture - OO - use\DrawPicture\Debug\link.1864.write.1.tlog
D:\callback\DrawPicture1\DrawPicture - OO - use\DrawPicture\Debug\link.1864-cvtres.read.1.tlog
D:\callback\DrawPicture1\DrawPicture - OO - use\DrawPicture\Debug\link.1864-cvtres.write.1.tlog
D:\callback\DrawPicture1\DrawPicture - OO - use\DrawPicture\Debug\link.18728.read.1.tlog
D:\callback\DrawPicture1\DrawPicture - OO - use\DrawPicture\Debug\link.18728.write.1.tlog
D:\callback\DrawPicture1\DrawPicture - OO - use\DrawPicture\Debug\link.18728-cvtres.read.1.tlog
D:\callback\DrawPicture1\DrawPicture - OO - use\DrawPicture\Debug\link.18728-cvtres.write.1.tlog
D:\callback\DrawPicture1\DrawPicture - OO - use\DrawPicture\Debug\link.18912.read.1.tlog
D:\callback\DrawPicture1\DrawPicture - OO - use\DrawPicture\Debug\link.18912.write.1.tlog
D:\callback\DrawPicture1\DrawPicture - OO - use\DrawPicture\Debug\link.18912-cvtres.read.1.tlog
D:\callback\DrawPicture1\DrawPicture - OO - use\DrawPicture\Debug\link.18912-cvtres.write.1.tlog
D:\callback\DrawPicture1\DrawPicture - OO - use\DrawPicture\Debug\link.19072.read.1.tlog
D:\callback\DrawPicture1\DrawPicture - OO - use\DrawPicture\Debug\link.19072.write.1.tlog
D:\callback\DrawPicture1\DrawPicture - OO - use\DrawPicture\Debug\link.19072-cvtres.read.1.tlog
D:\callback\DrawPicture1\DrawPicture - OO - use\DrawPicture\Debug\link.19072-cvtres.write.1.tlog
D:\callback\DrawPicture1\DrawPicture - OO - use\DrawPicture\Debug\link.19164.read.1.tlog
D:\callback\DrawPicture1\DrawPicture - OO - use\DrawPicture\Debug\link.19164.write.1.tlog
D:\callback\DrawPicture1\DrawPicture - OO - use\DrawPicture\Debug\link.19164-cvtres.read.1.tlog
D:\callback\DrawPicture1\DrawPicture - OO - use\DrawPicture\Debug\link.19164-cvtres.write.1.tlog
D:\callback\DrawPicture1\DrawPicture - OO - use\DrawPicture\Debug\link.19232.read.1.tlog
D:\callback\DrawPicture1\DrawPicture - OO - use\DrawPicture\Debug\link.19232.write.1.tlog
D:\callback\DrawPicture1\DrawPicture - OO - use\DrawPicture\Debug\link.19232-cvtres.read.1.tlog
D:\callback\DrawPicture1\DrawPicture - OO - use\DrawPicture\Debug\link.19232-cvtres.write.1.tlog
D:\callback\DrawPicture1\DrawPicture - OO - use\DrawPicture\Debug\link.1928.read.1.tlog
D:\callback\DrawPicture1\DrawPicture - OO - use\DrawPicture\Debug\link.1928.write.1.tlog
D:\callback\DrawPicture1\DrawPicture - OO - use\DrawPicture\Debug\link.1928-cvtres.read.1.tlog
D:\callback\DrawPicture1\DrawPicture - OO - use\DrawPicture\Debug\link.1928-cvtres.read.6.tlog
D:\callback\DrawPicture1\DrawPicture - OO - use\DrawPicture\Debug\link.1928-cvtres.write.1.tlog
D:\callback\DrawPicture1\DrawPicture - OO - use\DrawPicture\Debug\link.19408.read.1.tlog
D:\callback\DrawPicture1\DrawPicture - OO - use\DrawPicture\Debug\link.19408.write.1.tlog
D:\callback\DrawPicture1\DrawPicture - OO - use\DrawPicture\Debug\link.19408-cvtres.read.1.tlog
D:\callback\DrawPicture1\DrawPicture - OO - use\DrawPicture\Debug\link.19408-cvtres.write.1.tlog
D:\callback\DrawPicture1\DrawPicture - OO - use\DrawPicture\Debug\link.19508.read.1.tlog
D:\callback\DrawPicture1\DrawPicture - OO - use\DrawPicture\Debug\link.19508.write.1.tlog
D:\callback\DrawPicture1\DrawPicture - OO - use\DrawPicture\Debug\link.19508-cvtres.read.1.tlog
D:\callback\DrawPicture1\DrawPicture - OO - use\DrawPicture\Debug\link.19508-cvtres.write.1.tlog
D:\callback\DrawPicture1\DrawPicture - OO - use\DrawPicture\Debug\link.19580.read.1.tlog
D:\callback\DrawPicture1\DrawPicture - OO - use\DrawPicture\Debug\link.19580.write.1.tlog
D:\callback\DrawPicture1\DrawPicture - OO - use\DrawPicture\Debug\link.19580-cvtres.read.1.tlog
D:\callback\DrawPicture1\DrawPicture - OO - use\DrawPicture\Debug\link.19580-cvtres.write.1.tlog
D:\callback\DrawPicture1\DrawPicture - OO - use\DrawPicture\Debug\link.19608.read.1.tlog
D:\callback\DrawPicture1\DrawPicture - OO - use\DrawPicture\Debug\link.19608.write.1.tlog
D:\callback\DrawPicture1\DrawPicture - OO - use\DrawPicture\Debug\link.19608-cvtres.read.1.tlog
D:\callback\DrawPicture1\DrawPicture - OO - use\DrawPicture\Debug\link.19608-cvtres.write.1.tlog
D:\callback\DrawPicture1\DrawPicture - OO - use\DrawPicture\Debug\link.19628.read.1.tlog
D:\callback\DrawPicture1\DrawPicture - OO - use\DrawPicture\Debug\link.19628.write.1.tlog
D:\callback\DrawPicture1\DrawPicture - OO - use\DrawPicture\Debug\link.19628-cvtres.read.1.tlog
D:\callback\DrawPicture1\DrawPicture - OO - use\DrawPicture\Debug\link.19628-cvtres.write.1.tlog
D:\callback\DrawPicture1\DrawPicture - OO - use\DrawPicture\Debug\link.20080.read.1.tlog
D:\callback\DrawPicture1\DrawPicture - OO - use\DrawPicture\Debug\link.20080.write.1.tlog
D:\callback\DrawPicture1\DrawPicture - OO - use\DrawPicture\Debug\link.20080-cvtres.read.1.tlog
D:\callback\DrawPicture1\DrawPicture - OO - use\DrawPicture\Debug\link.20080-cvtres.write.1.tlog
D:\callback\DrawPicture1\DrawPicture - OO - use\DrawPicture\Debug\link.20304.read.1.tlog
D:\callback\DrawPicture1\DrawPicture - OO - use\DrawPicture\Debug\link.20304.write.1.tlog
D:\callback\DrawPicture1\DrawPicture - OO - use\DrawPicture\Debug\link.20304-cvtres.read.1.tlog
D:\callback\DrawPicture1\DrawPicture - OO - use\DrawPicture\Debug\link.20304-cvtres.write.1.tlog
D:\callback\DrawPicture1\DrawPicture - OO - use\DrawPicture\Debug\link.20352.read.1.tlog
D:\callback\DrawPicture1\DrawPicture - OO - use\DrawPicture\Debug\link.20352.write.1.tlog
D:\callback\DrawPicture1\DrawPicture - OO - use\DrawPicture\Debug\link.20352-cvtres.read.1.tlog
D:\callback\DrawPicture1\DrawPicture - OO - use\DrawPicture\Debug\link.20352-cvtres.write.1.tlog
D:\callback\DrawPicture1\DrawPicture - OO - use\DrawPicture\Debug\link.20620.read.1.tlog
D:\callback\DrawPicture1\DrawPicture - OO - use\DrawPicture\Debug\link.20620.write.1.tlog
D:\callback\DrawPicture1\DrawPicture - OO - use\DrawPicture\Debug\link.20620-cvtres.read.1.tlog
D:\callback\DrawPicture1\DrawPicture - OO - use\DrawPicture\Debug\link.20620-cvtres.write.1.tlog
D:\callback\DrawPicture1\DrawPicture - OO - use\DrawPicture\Debug\link.20700.read.1.tlog
D:\callback\DrawPicture1\DrawPicture - OO - use\DrawPicture\Debug\link.20700.write.1.tlog
D:\callback\DrawPicture1\DrawPicture - OO - use\DrawPicture\Debug\link.20700-cvtres.read.1.tlog
D:\callback\DrawPicture1\DrawPicture - OO - use\DrawPicture\Debug\link.20700-cvtres.write.1.tlog
D:\callback\DrawPicture1\DrawPicture - OO - use\DrawPicture\Debug\link.20736.read.1.tlog
D:\callback\DrawPicture1\DrawPicture - OO - use\DrawPicture\Debug\link.20736.write.1.tlog
D:\callback\DrawPicture1\DrawPicture - OO - use\DrawPicture\Debug\link.20736-cvtres.read.1.tlog
D:\callback\DrawPicture1\DrawPicture - OO - use\DrawPicture\Debug\link.20736-cvtres.write.1.tlog
D:\callback\DrawPicture1\DrawPicture - OO - use\DrawPicture\Debug\link.20884.read.1.tlog
D:\callback\DrawPicture1\DrawPicture - OO - use\DrawPicture\Debug\link.20884.write.1.tlog
D:\callback\DrawPicture1\DrawPicture - OO - use\DrawPicture\Debug\link.20884-cvtres.read.1.tlog
D:\callback\DrawPicture1\DrawPicture - OO - use\DrawPicture\Debug\link.20884-cvtres.write.1.tlog
D:\callback\DrawPicture1\DrawPicture - OO - use\DrawPicture\Debug\link.20992.read.1.tlog
D:\callback\DrawPicture1\DrawPicture - OO - use\DrawPicture\Debug\link.20992.write.1.tlog
D:\callback\DrawPicture1\DrawPicture - OO - use\DrawPicture\Debug\link.20992-cvtres.read.1.tlog
D:\callback\DrawPicture1\DrawPicture - OO - use\DrawPicture\Debug\link.20992-cvtres.write.1.tlog
D:\callback\DrawPicture1\DrawPicture - OO - use\DrawPicture\Debug\link.21156.read.1.tlog
D:\callback\DrawPicture1\DrawPicture - OO - use\DrawPicture\Debug\link.21156.write.1.tlog
D:\callback\DrawPicture1\DrawPicture - OO - use\DrawPicture\Debug\link.21156-cvtres.read.1.tlog
D:\callback\DrawPicture1\DrawPicture - OO - use\DrawPicture\Debug\link.21156-cvtres.write.1.tlog
D:\callback\DrawPicture1\DrawPicture - OO - use\DrawPicture\Debug\link.2352.read.1.tlog
D:\callback\DrawPicture1\DrawPicture - OO - use\DrawPicture\Debug\link.2352.write.1.tlog
D:\callback\DrawPicture1\DrawPicture - OO - use\DrawPicture\Debug\link.2352-cvtres.read.1.tlog
D:\callback\DrawPicture1\DrawPicture - OO - use\DrawPicture\Debug\link.2352-cvtres.write.1.tlog
D:\callback\DrawPicture1\DrawPicture - OO - use\DrawPicture\Debug\link.2656.read.1.tlog
D:\callback\DrawPicture1\DrawPicture - OO - use\DrawPicture\Debug\link.2656.write.1.tlog
D:\callback\DrawPicture1\DrawPicture - OO - use\DrawPicture\Debug\link.2656-cvtres.read.1.tlog
D:\callback\DrawPicture1\DrawPicture - OO - use\DrawPicture\Debug\link.2656-cvtres.write.1.tlog
D:\callback\DrawPicture1\DrawPicture - OO - use\DrawPicture\Debug\link.2716.read.1.tlog
D:\callback\DrawPicture1\DrawPicture - OO - use\DrawPicture\Debug\link.2716.write.1.tlog
D:\callback\DrawPicture1\DrawPicture - OO - use\DrawPicture\Debug\link.2716-cvtres.read.1.tlog
D:\callback\DrawPicture1\DrawPicture - OO - use\DrawPicture\Debug\link.2716-cvtres.write.1.tlog
D:\callback\DrawPicture1\DrawPicture - OO - use\DrawPicture\Debug\link.2980.read.1.tlog
D:\callback\DrawPicture1\DrawPicture - OO - use\DrawPicture\Debug\link.2980.write.1.tlog
D:\callback\DrawPicture1\DrawPicture - OO - use\DrawPicture\Debug\link.2980-cvtres.read.1.tlog
D:\callback\DrawPicture1\DrawPicture - OO - use\DrawPicture\Debug\link.2980-cvtres.write.1.tlog
D:\callback\DrawPicture1\DrawPicture - OO - use\DrawPicture\Debug\link.3136.read.1.tlog
D:\callback\DrawPicture1\DrawPicture - OO - use\DrawPicture\Debug\link.3136.write.1.tlog
D:\callback\DrawPicture1\DrawPicture - OO - use\DrawPicture\Debug\link.3136-cvtres.read.1.tlog
D:\callback\DrawPicture1\DrawPicture - OO - use\DrawPicture\Debug\link.3136-cvtres.write.1.tlog
D:\callback\DrawPicture1\DrawPicture - OO - use\DrawPicture\Debug\link.3232.read.1.tlog
D:\callback\DrawPicture1\DrawPicture - OO - use\DrawPicture\Debug\link.3232.write.1.tlog
D:\callback\DrawPicture1\DrawPicture - OO - use\DrawPicture\Debug\link.3232-cvtres.read.1.tlog
D:\callback\DrawPicture1\DrawPicture - OO - use\DrawPicture\Debug\link.3232-cvtres.write.1.tlog
D:\callback\DrawPicture1\DrawPicture - OO - use\DrawPicture\Debug\link.3384.read.1.tlog
D:\callback\DrawPicture1\DrawPicture - OO - use\DrawPicture\Debug\link.3384.write.1.tlog
D:\callback\DrawPicture1\DrawPicture - OO - use\DrawPicture\Debug\link.3384-cvtres.read.1.tlog
D:\callback\DrawPicture1\DrawPicture - OO - use\DrawPicture\Debug\link.3384-cvtres.write.1.tlog
D:\callback\DrawPicture1\DrawPicture - OO - use\DrawPicture\Debug\link.3464.read.1.tlog
D:\callback\DrawPicture1\DrawPicture - OO - use\DrawPicture\Debug\link.3464.write.1.tlog
D:\callback\DrawPicture1\DrawPicture - OO - use\DrawPicture\Debug\link.3464-cvtres.read.1.tlog
D:\callback\DrawPicture1\DrawPicture - OO - use\DrawPicture\Debug\link.3464-cvtres.read.7.tlog
D:\callback\DrawPicture1\DrawPicture - OO - use\DrawPicture\Debug\link.3464-cvtres.write.1.tlog
D:\callback\DrawPicture1\DrawPicture - OO - use\DrawPicture\Debug\link.3496.read.1.tlog
D:\callback\DrawPicture1\DrawPicture - OO - use\DrawPicture\Debug\link.3496.write.1.tlog
D:\callback\DrawPicture1\DrawPicture - OO - use\DrawPicture\Debug\link.3496-cvtres.read.1.tlog
D:\callback\DrawPicture1\DrawPicture - OO - use\DrawPicture\Debug\link.3496-cvtres.write.1.tlog
D:\callback\DrawPicture1\DrawPicture - OO - use\DrawPicture\Debug\link.3576.read.1.tlog
D:\callback\DrawPicture1\DrawPicture - OO - use\DrawPicture\Debug\link.3576.write.1.tlog
D:\callback\DrawPicture1\DrawPicture - OO - use\DrawPicture\Debug\link.3576-cvtres.read.1.tlog
D:\callback\DrawPicture1\DrawPicture - OO - use\DrawPicture\Debug\link.3576-cvtres.write.1.tlog
D:\callback\DrawPicture1\DrawPicture - OO - use\DrawPicture\Debug\link.3668.read.1.tlog
D:\callback\DrawPicture1\DrawPicture - OO - use\DrawPicture\Debug\link.3668.write.1.tlog
D:\callback\DrawPicture1\DrawPicture - OO - use\DrawPicture\Debug\link.3668-cvtres.read.1.tlog
D:\callback\DrawPicture1\DrawPicture - OO - use\DrawPicture\Debug\link.3668-cvtres.write.1.tlog
D:\callback\DrawPicture1\DrawPicture - OO - use\DrawPicture\Debug\link.3684.read.1.tlog
D:\callback\DrawPicture1\DrawPicture - OO - use\DrawPicture\Debug\link.3684.write.1.tlog
D:\callback\DrawPicture1\DrawPicture - OO - use\DrawPicture\Debug\link.3684-cvtres.read.1.tlog
D:\callback\DrawPicture1\DrawPicture - OO - use\DrawPicture\Debug\link.3684-cvtres.write.1.tlog
D:\callback\DrawPicture1\DrawPicture - OO - use\DrawPicture\Debug\link.3816.read.1.tlog
D:\callback\DrawPicture1\DrawPicture - OO - use\DrawPicture\Debug\link.3816.write.1.tlog
D:\callback\DrawPicture1\DrawPicture - OO - use\DrawPicture\Debug\link.3816-cvtres.read.1.tlog
D:\callback\DrawPicture1\DrawPicture - OO - use\DrawPicture\Debug\link.3816-cvtres.write.1.tlog
D:\callback\DrawPicture1\DrawPicture - OO - use\DrawPicture\Debug\link.4124.read.1.tlog
D:\callback\DrawPicture1\DrawPicture - OO - use\DrawPicture\Debug\link.4124.write.1.tlog
D:\callback\DrawPicture1\DrawPicture - OO - use\DrawPicture\Debug\link.4124-cvtres.read.1.tlog
D:\callback\DrawPicture1\DrawPicture - OO - use\DrawPicture\Debug\link.4124-cvtres.write.1.tlog
D:\callback\DrawPicture1\DrawPicture - OO - use\DrawPicture\Debug\link.4288.read.1.tlog
D:\callback\DrawPicture1\DrawPicture - OO - use\DrawPicture\Debug\link.4288.write.1.tlog
D:\callback\DrawPicture1\DrawPicture - OO - use\DrawPicture\Debug\link.4288-cvtres.read.1.tlog
D:\callback\DrawPicture1\DrawPicture - OO - use\DrawPicture\Debug\link.4288-cvtres.write.1.tlog
D:\callback\DrawPicture1\DrawPicture - OO - use\DrawPicture\Debug\link.4308.read.1.tlog
D:\callback\DrawPicture1\DrawPicture - OO - use\DrawPicture\Debug\link.4308.write.1.tlog
D:\callback\DrawPicture1\DrawPicture - OO - use\DrawPicture\Debug\link.4308-cvtres.read.1.tlog
D:\callback\DrawPicture1\DrawPicture - OO - use\DrawPicture\Debug\link.4308-cvtres.write.1.tlog
D:\callback\DrawPicture1\DrawPicture - OO - use\DrawPicture\Debug\link.4436.read.1.tlog
D:\callback\DrawPicture1\DrawPicture - OO - use\DrawPicture\Debug\link.4436.write.1.tlog
D:\callback\DrawPicture1\DrawPicture - OO - use\DrawPicture\Debug\link.4436-cvtres.read.1.tlog
D:\callback\DrawPicture1\DrawPicture - OO - use\DrawPicture\Debug\link.4436-cvtres.write.1.tlog
D:\callback\DrawPicture1\DrawPicture - OO - use\DrawPicture\Debug\link.4456.read.1.tlog
D:\callback\DrawPicture1\DrawPicture - OO - use\DrawPicture\Debug\link.4456.write.1.tlog
D:\callback\DrawPicture1\DrawPicture - OO - use\DrawPicture\Debug\link.4456-cvtres.read.1.tlog
D:\callback\DrawPicture1\DrawPicture - OO - use\DrawPicture\Debug\link.4456-cvtres.write.1.tlog
D:\callback\DrawPicture1\DrawPicture - OO - use\DrawPicture\Debug\link.4512.read.1.tlog
D:\callback\DrawPicture1\DrawPicture - OO - use\DrawPicture\Debug\link.4512.write.1.tlog
D:\callback\DrawPicture1\DrawPicture - OO - use\DrawPicture\Debug\link.4512-cvtres.read.1.tlog
D:\callback\DrawPicture1\DrawPicture - OO - use\DrawPicture\Debug\link.4512-cvtres.write.1.tlog
D:\callback\DrawPicture1\DrawPicture - OO - use\DrawPicture\Debug\link.4788.read.1.tlog
D:\callback\DrawPicture1\DrawPicture - OO - use\DrawPicture\Debug\link.4788.write.1.tlog
D:\callback\DrawPicture1\DrawPicture - OO - use\DrawPicture\Debug\link.4788-cvtres.read.1.tlog
D:\callback\DrawPicture1\DrawPicture - OO - use\DrawPicture\Debug\link.4788-cvtres.write.1.tlog
D:\callback\DrawPicture1\DrawPicture - OO - use\DrawPicture\Debug\link.4992.read.1.tlog
D:\callback\DrawPicture1\DrawPicture - OO - use\DrawPicture\Debug\link.4992.write.1.tlog
D:\callback\DrawPicture1\DrawPicture - OO - use\DrawPicture\Debug\link.4992-cvtres.read.1.tlog
D:\callback\DrawPicture1\DrawPicture - OO - use\DrawPicture\Debug\link.4992-cvtres.write.1.tlog
D:\callback\DrawPicture1\DrawPicture - OO - use\DrawPicture\Debug\link.500.read.1.tlog
D:\callback\DrawPicture1\DrawPicture - OO - use\DrawPicture\Debug\link.500.write.1.tlog
D:\callback\DrawPicture1\DrawPicture - OO - use\DrawPicture\Debug\link.500-cvtres.read.1.tlog
D:\callback\DrawPicture1\DrawPicture - OO - use\DrawPicture\Debug\link.500-cvtres.write.1.tlog
D:\callback\DrawPicture1\DrawPicture - OO - use\DrawPicture\Debug\link.5060.read.1.tlog
D:\callback\DrawPicture1\DrawPicture - OO - use\DrawPicture\Debug\link.5060.write.1.tlog
D:\callback\DrawPicture1\DrawPicture - OO - use\DrawPicture\Debug\link.5060-cvtres.read.1.tlog
D:\callback\DrawPicture1\DrawPicture - OO - use\DrawPicture\Debug\link.5060-cvtres.write.1.tlog
D:\callback\DrawPicture1\DrawPicture - OO - use\DrawPicture\Debug\link.5348.read.1.tlog
D:\callback\DrawPicture1\DrawPicture - OO - use\DrawPicture\Debug\link.5348.write.1.tlog
D:\callback\DrawPicture1\DrawPicture - OO - use\DrawPicture\Debug\link.5348-cvtres.read.1.tlog
D:\callback\DrawPicture1\DrawPicture - OO - use\DrawPicture\Debug\link.5348-cvtres.write.1.tlog
D:\callback\DrawPicture1\DrawPicture - OO - use\DrawPicture\Debug\link.5536.read.1.tlog
D:\callback\DrawPicture1\DrawPicture - OO - use\DrawPicture\Debug\link.5536.write.1.tlog
D:\callback\DrawPicture1\DrawPicture - OO - use\DrawPicture\Debug\link.5536-cvtres.read.1.tlog
D:\callback\DrawPicture1\DrawPicture - OO - use\DrawPicture\Debug\link.5536-cvtres.write.1.tlog
D:\callback\DrawPicture1\DrawPicture - OO - use\DrawPicture\Debug\link.560.read.1.tlog
D:\callback\DrawPicture1\DrawPicture - OO - use\DrawPicture\Debug\link.560.write.1.tlog
D:\callback\DrawPicture1\DrawPicture - OO - use\DrawPicture\Debug\link.560-cvtres.read.1.tlog
D:\callback\DrawPicture1\DrawPicture - OO - use\DrawPicture\Debug\link.560-cvtres.write.1.tlog
D:\callback\DrawPicture1\DrawPicture - OO - use\DrawPicture\Debug\link.5620.read.1.tlog
D:\callback\DrawPicture1\DrawPicture - OO - use\DrawPicture\Debug\link.5620.write.1.tlog
D:\callback\DrawPicture1\DrawPicture - OO - use\DrawPicture\Debug\link.5620-cvtres.read.1.tlog
D:\callback\DrawPicture1\DrawPicture - OO - use\DrawPicture\Debug\link.5620-cvtres.write.1.tlog
D:\callback\DrawPicture1\DrawPicture - OO - use\DrawPicture\Debug\link.5712.read.1.tlog
D:\callback\DrawPicture1\DrawPicture - OO - use\DrawPicture\Debug\link.5712.write.1.tlog
D:\callback\DrawPicture1\DrawPicture - OO - use\DrawPicture\Debug\link.5712-cvtres.read.1.tlog
D:\callback\DrawPicture1\DrawPicture - OO - use\DrawPicture\Debug\link.5712-cvtres.write.1.tlog
D:\callback\DrawPicture1\DrawPicture - OO - use\DrawPicture\Debug\link.5824.read.1.tlog
D:\callback\DrawPicture1\DrawPicture - OO - use\DrawPicture\Debug\link.5824.write.1.tlog
D:\callback\DrawPicture1\DrawPicture - OO - use\DrawPicture\Debug\link.5824-cvtres.read.1.tlog
D:\callback\DrawPicture1\DrawPicture - OO - use\DrawPicture\Debug\link.5824-cvtres.write.1.tlog
D:\callback\DrawPicture1\DrawPicture - OO - use\DrawPicture\Debug\link.6084.read.1.tlog
D:\callback\DrawPicture1\DrawPicture - OO - use\DrawPicture\Debug\link.6084.write.1.tlog
D:\callback\DrawPicture1\DrawPicture - OO - use\DrawPicture\Debug\link.6084-cvtres.read.1.tlog
D:\callback\DrawPicture1\DrawPicture - OO - use\DrawPicture\Debug\link.6084-cvtres.write.1.tlog
D:\callback\DrawPicture1\DrawPicture - OO - use\DrawPicture\Debug\link.6160.read.1.tlog
D:\callback\DrawPicture1\DrawPicture - OO - use\DrawPicture\Debug\link.6160.write.1.tlog
D:\callback\DrawPicture1\DrawPicture - OO - use\DrawPicture\Debug\link.6160-cvtres.read.1.tlog
D:\callback\DrawPicture1\DrawPicture - OO - use\DrawPicture\Debug\link.6160-cvtres.write.1.tlog
D:\callback\DrawPicture1\DrawPicture - OO - use\DrawPicture\Debug\link.6192.read.1.tlog
D:\callback\DrawPicture1\DrawPicture - OO - use\DrawPicture\Debug\link.6192.write.1.tlog
D:\callback\DrawPicture1\DrawPicture - OO - use\DrawPicture\Debug\link.6192-cvtres.read.1.tlog
D:\callback\DrawPicture1\DrawPicture - OO - use\DrawPicture\Debug\link.6192-cvtres.write.1.tlog
D:\callback\DrawPicture1\DrawPicture - OO - use\DrawPicture\Debug\link.6216.read.1.tlog
D:\callback\DrawPicture1\DrawPicture - OO - use\DrawPicture\Debug\link.6216.write.1.tlog
D:\callback\DrawPicture1\DrawPicture - OO - use\DrawPicture\Debug\link.6216-cvtres.read.1.tlog
D:\callback\DrawPicture1\DrawPicture - OO - use\DrawPicture\Debug\link.6216-cvtres.write.1.tlog
D:\callback\DrawPicture1\DrawPicture - OO - use\DrawPicture\Debug\link.6264.read.1.tlog
D:\callback\DrawPicture1\DrawPicture - OO - use\DrawPicture\Debug\link.6264.write.1.tlog
D:\callback\DrawPicture1\DrawPicture - OO - use\DrawPicture\Debug\link.6264-cvtres.read.1.tlog
D:\callback\DrawPicture1\DrawPicture - OO - use\DrawPicture\Debug\link.6264-cvtres.write.1.tlog
D:\callback\DrawPicture1\DrawPicture - OO - use\DrawPicture\Debug\link.6372.read.1.tlog
D:\callback\DrawPicture1\DrawPicture - OO - use\DrawPicture\Debug\link.6372.write.1.tlog
D:\callback\DrawPicture1\DrawPicture - OO - use\DrawPicture\Debug\link.6372-cvtres.read.1.tlog
D:\callback\DrawPicture1\DrawPicture - OO - use\DrawPicture\Debug\link.6372-cvtres.write.1.tlog
D:\callback\DrawPicture1\DrawPicture - OO - use\DrawPicture\Debug\link.6384.read.1.tlog
D:\callback\DrawPicture1\DrawPicture - OO - use\DrawPicture\Debug\link.6384.write.1.tlog
D:\callback\DrawPicture1\DrawPicture - OO - use\DrawPicture\Debug\link.6384-cvtres.read.1.tlog
D:\callback\DrawPicture1\DrawPicture - OO - use\DrawPicture\Debug\link.6384-cvtres.write.1.tlog
D:\callback\DrawPicture1\DrawPicture - OO - use\DrawPicture\Debug\link.6608.read.1.tlog
D:\callback\DrawPicture1\DrawPicture - OO - use\DrawPicture\Debug\link.6608.write.1.tlog
D:\callback\DrawPicture1\DrawPicture - OO - use\DrawPicture\Debug\link.6608-cvtres.read.1.tlog
D:\callback\DrawPicture1\DrawPicture - OO - use\DrawPicture\Debug\link.6608-cvtres.write.1.tlog
D:\callback\DrawPicture1\DrawPicture - OO - use\DrawPicture\Debug\link.6948.read.1.tlog
D:\callback\DrawPicture1\DrawPicture - OO - use\DrawPicture\Debug\link.6948.write.1.tlog
D:\callback\DrawPicture1\DrawPicture - OO - use\DrawPicture\Debug\link.6948-cvtres.read.1.tlog
D:\callback\DrawPicture1\DrawPicture - OO - use\DrawPicture\Debug\link.6948-cvtres.read.7.tlog
D:\callback\DrawPicture1\DrawPicture - OO - use\DrawPicture\Debug\link.6948-cvtres.write.1.tlog
D:\callback\DrawPicture1\DrawPicture - OO - use\DrawPicture\Debug\link.7008.read.1.tlog
D:\callback\DrawPicture1\DrawPicture - OO - use\DrawPicture\Debug\link.7008.write.1.tlog
D:\callback\DrawPicture1\DrawPicture - OO - use\DrawPicture\Debug\link.7008-cvtres.read.1.tlog
D:\callback\DrawPicture1\DrawPicture - OO - use\DrawPicture\Debug\link.7008-cvtres.write.1.tlog
D:\callback\DrawPicture1\DrawPicture - OO - use\DrawPicture\Debug\link.7040.read.1.tlog
D:\callback\DrawPicture1\DrawPicture - OO - use\DrawPicture\Debug\link.7040.write.1.tlog
D:\callback\DrawPicture1\DrawPicture - OO - use\DrawPicture\Debug\link.7040-cvtres.read.1.tlog
D:\callback\DrawPicture1\DrawPicture - OO - use\DrawPicture\Debug\link.7040-cvtres.write.1.tlog
D:\callback\DrawPicture1\DrawPicture - OO - use\DrawPicture\Debug\link.7148.read.1.tlog
D:\callback\DrawPicture1\DrawPicture - OO - use\DrawPicture\Debug\link.7148.write.1.tlog
D:\callback\DrawPicture1\DrawPicture - OO - use\DrawPicture\Debug\link.7148-cvtres.read.1.tlog
D:\callback\DrawPicture1\DrawPicture - OO - use\DrawPicture\Debug\link.7148-cvtres.write.1.tlog
D:\callback\DrawPicture1\DrawPicture - OO - use\DrawPicture\Debug\link.7268.read.1.tlog
D:\callback\DrawPicture1\DrawPicture - OO - use\DrawPicture\Debug\link.7268.write.1.tlog
D:\callback\DrawPicture1\DrawPicture - OO - use\DrawPicture\Debug\link.7268-cvtres.read.1.tlog
D:\callback\DrawPicture1\DrawPicture - OO - use\DrawPicture\Debug\link.7268-cvtres.write.1.tlog
D:\callback\DrawPicture1\DrawPicture - OO - use\DrawPicture\Debug\link.7316.read.1.tlog
D:\callback\DrawPicture1\DrawPicture - OO - use\DrawPicture\Debug\link.7316.write.1.tlog
D:\callback\DrawPicture1\DrawPicture - OO - use\DrawPicture\Debug\link.7316-cvtres.read.1.tlog
D:\callback\DrawPicture1\DrawPicture - OO - use\DrawPicture\Debug\link.7316-cvtres.write.1.tlog
D:\callback\DrawPicture1\DrawPicture - OO - use\DrawPicture\Debug\link.7412.read.1.tlog
D:\callback\DrawPicture1\DrawPicture - OO - use\DrawPicture\Debug\link.7412.write.1.tlog
D:\callback\DrawPicture1\DrawPicture - OO - use\DrawPicture\Debug\link.7412-cvtres.read.1.tlog
D:\callback\DrawPicture1\DrawPicture - OO - use\DrawPicture\Debug\link.7412-cvtres.write.1.tlog
D:\callback\DrawPicture1\DrawPicture - OO - use\DrawPicture\Debug\link.7416.read.1.tlog
D:\callback\DrawPicture1\DrawPicture - OO - use\DrawPicture\Debug\link.7416.write.1.tlog
D:\callback\DrawPicture1\DrawPicture - OO - use\DrawPicture\Debug\link.7416-cvtres.read.1.tlog
D:\callback\DrawPicture1\DrawPicture - OO - use\DrawPicture\Debug\link.7416-cvtres.write.1.tlog
D:\callback\DrawPicture1\DrawPicture - OO - use\DrawPicture\Debug\link.7452.read.1.tlog
D:\callback\DrawPicture1\DrawPicture - OO - use\DrawPicture\Debug\link.7452.write.1.tlog
D:\callback\DrawPicture1\DrawPicture - OO - use\DrawPicture\Debug\link.7452-cvtres.read.1.tlog
D:\callback\DrawPicture1\DrawPicture - OO - use\DrawPicture\Debug\link.7452-cvtres.read.7.tlog
D:\callback\DrawPicture1\DrawPicture - OO - use\DrawPicture\Debug\link.7452-cvtres.write.1.tlog
D:\callback\DrawPicture1\DrawPicture - OO - use\DrawPicture\Debug\link.7472.read.1.tlog
D:\callback\DrawPicture1\DrawPicture - OO - use\DrawPicture\Debug\link.7472.write.1.tlog
D:\callback\DrawPicture1\DrawPicture - OO - use\DrawPicture\Debug\link.7472-cvtres.read.1.tlog
D:\callback\DrawPicture1\DrawPicture - OO - use\DrawPicture\Debug\link.7472-cvtres.write.1.tlog
D:\callback\DrawPicture1\DrawPicture - OO - use\DrawPicture\Debug\link.7672.read.1.tlog
D:\callback\DrawPicture1\DrawPicture - OO - use\DrawPicture\Debug\link.7672.write.1.tlog
D:\callback\DrawPicture1\DrawPicture - OO - use\DrawPicture\Debug\link.7672-cvtres.read.1.tlog
D:\callback\DrawPicture1\DrawPicture - OO - use\DrawPicture\Debug\link.7672-cvtres.write.1.tlog
D:\callback\DrawPicture1\DrawPicture - OO - use\DrawPicture\Debug\link.7816.read.1.tlog
D:\callback\DrawPicture1\DrawPicture - OO - use\DrawPicture\Debug\link.7816.write.1.tlog
D:\callback\DrawPicture1\DrawPicture - OO - use\DrawPicture\Debug\link.7816-cvtres.read.1.tlog
D:\callback\DrawPicture1\DrawPicture - OO - use\DrawPicture\Debug\link.7816-cvtres.write.1.tlog
D:\callback\DrawPicture1\DrawPicture - OO - use\DrawPicture\Debug\link.7864.read.1.tlog
D:\callback\DrawPicture1\DrawPicture - OO - use\DrawPicture\Debug\link.7864.write.1.tlog
D:\callback\DrawPicture1\DrawPicture - OO - use\DrawPicture\Debug\link.7864-cvtres.read.1.tlog
D:\callback\DrawPicture1\DrawPicture - OO - use\DrawPicture\Debug\link.7864-cvtres.write.1.tlog
D:\callback\DrawPicture1\DrawPicture - OO - use\DrawPicture\Debug\link.7872.read.1.tlog
D:\callback\DrawPicture1\DrawPicture - OO - use\DrawPicture\Debug\link.7872.write.1.tlog
D:\callback\DrawPicture1\DrawPicture - OO - use\DrawPicture\Debug\link.7872-cvtres.read.1.tlog
D:\callback\DrawPicture1\DrawPicture - OO - use\DrawPicture\Debug\link.7872-cvtres.write.1.tlog
D:\callback\DrawPicture1\DrawPicture - OO - use\DrawPicture\Debug\link.8072.read.1.tlog
D:\callback\DrawPicture1\DrawPicture - OO - use\DrawPicture\Debug\link.8072.write.1.tlog
D:\callback\DrawPicture1\DrawPicture - OO - use\DrawPicture\Debug\link.8072-cvtres.read.1.tlog
D:\callback\DrawPicture1\DrawPicture - OO - use\DrawPicture\Debug\link.8072-cvtres.write.1.tlog
D:\callback\DrawPicture1\DrawPicture - OO - use\DrawPicture\Debug\link.8160.read.1.tlog
D:\callback\DrawPicture1\DrawPicture - OO - use\DrawPicture\Debug\link.8160.write.1.tlog
D:\callback\DrawPicture1\DrawPicture - OO - use\DrawPicture\Debug\link.8160-cvtres.read.1.tlog
D:\callback\DrawPicture1\DrawPicture - OO - use\DrawPicture\Debug\link.8160-cvtres.write.1.tlog
D:\callback\DrawPicture1\DrawPicture - OO - use\DrawPicture\Debug\link.8532.read.1.tlog
D:\callback\DrawPicture1\DrawPicture - OO - use\DrawPicture\Debug\link.8532.write.1.tlog
D:\callback\DrawPicture1\DrawPicture - OO - use\DrawPicture\Debug\link.8532-cvtres.read.1.tlog
D:\callback\DrawPicture1\DrawPicture - OO - use\DrawPicture\Debug\link.8532-cvtres.write.1.tlog
D:\callback\DrawPicture1\DrawPicture - OO - use\DrawPicture\Debug\link.8692.read.1.tlog
D:\callback\DrawPicture1\DrawPicture - OO - use\DrawPicture\Debug\link.8692.write.1.tlog
D:\callback\DrawPicture1\DrawPicture - OO - use\DrawPicture\Debug\link.8692-cvtres.read.1.tlog
D:\callback\DrawPicture1\DrawPicture - OO - use\DrawPicture\Debug\link.8692-cvtres.write.1.tlog
D:\callback\DrawPicture1\DrawPicture - OO - use\DrawPicture\Debug\link.8740.read.1.tlog
D:\callback\DrawPicture1\DrawPicture - OO - use\DrawPicture\Debug\link.8740.write.1.tlog
D:\callback\DrawPicture1\DrawPicture - OO - use\DrawPicture\Debug\link.8740-cvtres.read.1.tlog
D:\callback\DrawPicture1\DrawPicture - OO - use\DrawPicture\Debug\link.8740-cvtres.write.1.tlog
D:\callback\DrawPicture1\DrawPicture - OO - use\DrawPicture\Debug\link.8988.read.1.tlog
D:\callback\DrawPicture1\DrawPicture - OO - use\DrawPicture\Debug\link.8988.write.1.tlog
D:\callback\DrawPicture1\DrawPicture - OO - use\DrawPicture\Debug\link.8988-cvtres.read.1.tlog
D:\callback\DrawPicture1\DrawPicture - OO - use\DrawPicture\Debug\link.8988-cvtres.write.1.tlog
D:\callback\DrawPicture1\DrawPicture - OO - use\DrawPicture\Debug\link.9012.read.1.tlog
D:\callback\DrawPicture1\DrawPicture - OO - use\DrawPicture\Debug\link.9012.write.1.tlog
D:\callback\DrawPicture1\DrawPicture - OO - use\DrawPicture\Debug\link.9012-cvtres.read.1.tlog
D:\callback\DrawPicture1\DrawPicture - OO - use\DrawPicture\Debug\link.9012-cvtres.write.1.tlog
D:\callback\DrawPicture1\DrawPicture - OO - use\DrawPicture\Debug\link.9032.read.1.tlog
D:\callback\DrawPicture1\DrawPicture - OO - use\DrawPicture\Debug\link.9032.write.1.tlog
D:\callback\DrawPicture1\DrawPicture - OO - use\DrawPicture\Debug\link.9032-cvtres.read.1.tlog
D:\callback\DrawPicture1\DrawPicture - OO - use\DrawPicture\Debug\link.9032-cvtres.write.1.tlog
D:\callback\DrawPicture1\DrawPicture - OO - use\DrawPicture\Debug\link.9324.read.1.tlog
D:\callback\DrawPicture1\DrawPicture - OO - use\DrawPicture\Debug\link.9324.write.1.tlog
D:\callback\DrawPicture1\DrawPicture - OO - use\DrawPicture\Debug\link.9324-cvtres.read.1.tlog
D:\callback\DrawPicture1\DrawPicture - OO - use\DrawPicture\Debug\link.9324-cvtres.write.1.tlog
D:\callback\DrawPicture1\DrawPicture - OO - use\DrawPicture\Debug\link.940.read.1.tlog
D:\callback\DrawPicture1\DrawPicture - OO - use\DrawPicture\Debug\link.940.write.1.tlog
D:\callback\DrawPicture1\DrawPicture - OO - use\DrawPicture\Debug\link.940-cvtres.read.1.tlog
D:\callback\DrawPicture1\DrawPicture - OO - use\DrawPicture\Debug\link.940-cvtres.write.1.tlog
D:\callback\DrawPicture1\DrawPicture - OO - use\DrawPicture\Debug\link.9440.read.1.tlog
D:\callback\DrawPicture1\DrawPicture - OO - use\DrawPicture\Debug\link.9440.write.1.tlog
D:\callback\DrawPicture1\DrawPicture - OO - use\DrawPicture\Debug\link.9440-cvtres.read.1.tlog
D:\callback\DrawPicture1\DrawPicture - OO - use\DrawPicture\Debug\link.9440-cvtres.write.1.tlog
D:\callback\DrawPicture1\DrawPicture - OO - use\DrawPicture\Debug\link.96.read.1.tlog
D:\callback\DrawPicture1\DrawPicture - OO - use\DrawPicture\Debug\link.96.write.1.tlog
D:\callback\DrawPicture1\DrawPicture - OO - use\DrawPicture\Debug\link.9632.read.1.tlog
D:\callback\DrawPicture1\DrawPicture - OO - use\DrawPicture\Debug\link.9632.write.1.tlog
D:\callback\DrawPicture1\DrawPicture - OO - use\DrawPicture\Debug\link.9632-cvtres.read.1.tlog
D:\callback\DrawPicture1\DrawPicture - OO - use\DrawPicture\Debug\link.9632-cvtres.write.1.tlog
D:\callback\DrawPicture1\DrawPicture - OO - use\DrawPicture\Debug\link.9680.read.1.tlog
D:\callback\DrawPicture1\DrawPicture - OO - use\DrawPicture\Debug\link.9680.write.1.tlog
D:\callback\DrawPicture1\DrawPicture - OO - use\DrawPicture\Debug\link.9680-cvtres.read.1.tlog
D:\callback\DrawPicture1\DrawPicture - OO - use\DrawPicture\Debug\link.9680-cvtres.write.1.tlog
D:\callback\DrawPicture1\DrawPicture - OO - use\DrawPicture\Debug\link.96-cvtres.read.1.tlog
D:\callback\DrawPicture1\DrawPicture - OO - use\DrawPicture\Debug\link.96-cvtres.write.1.tlog
D:\callback\DrawPicture1\DrawPicture - OO - use\DrawPicture\Debug\link.9792.read.1.tlog
D:\callback\DrawPicture1\DrawPicture - OO - use\DrawPicture\Debug\link.9792.write.1.tlog
D:\callback\DrawPicture1\DrawPicture - OO - use\DrawPicture\Debug\link.9792-cvtres.read.1.tlog
D:\callback\DrawPicture1\DrawPicture - OO - use\DrawPicture\Debug\link.9792-cvtres.read.7.tlog
D:\callback\DrawPicture1\DrawPicture - OO - use\DrawPicture\Debug\link.9792-cvtres.write.1.tlog
D:\callback\DrawPicture1\DrawPicture - OO - use\DrawPicture\Debug\link.9928.read.1.tlog
D:\callback\DrawPicture1\DrawPicture - OO - use\DrawPicture\Debug\link.9928.write.1.tlog
D:\callback\DrawPicture1\DrawPicture - OO - use\DrawPicture\Debug\link.9928-cvtres.read.1.tlog
D:\callback\DrawPicture1\DrawPicture - OO - use\DrawPicture\Debug\link.9928-cvtres.write.1.tlog
D:\callback\DrawPicture1\DrawPicture - OO - use\DrawPicture\Debug\link.9992.read.1.tlog
D:\callback\DrawPicture1\DrawPicture - OO - use\DrawPicture\Debug\link.9992.write.1.tlog
D:\callback\DrawPicture1\DrawPicture - OO - use\DrawPicture\Debug\link.9992-cvtres.read.1.tlog
D:\callback\DrawPicture1\DrawPicture - OO - use\DrawPicture\Debug\link.9992-cvtres.write.1.tlog
D:\callback\DrawPicture1\DrawPicture - OO - use\DrawPicture\Debug\link.command.1.tlog
D:\callback\DrawPicture1\DrawPicture - OO - use\DrawPicture\Debug\link.read.1.tlog
D:\callback\DrawPicture1\DrawPicture - OO - use\DrawPicture\Debug\link.write.1.tlog
D:\callback\DrawPicture1\DrawPicture - OO - use\DrawPicture\Debug\metagen.read.1.tlog
D:\callback\DrawPicture1\DrawPicture - OO - use\DrawPicture\Debug\metagen.write.1.tlog
D:\callback\DrawPicture1\DrawPicture - OO - use\DrawPicture\Debug\mt.command.1.tlog
D:\callback\DrawPicture1\DrawPicture - OO - use\DrawPicture\Debug\mt.read.1.tlog
D:\callback\DrawPicture1\DrawPicture - OO - use\DrawPicture\Debug\mt.write.1.tlog
D:\callback\DrawPicture1\DrawPicture - OO - use\DrawPicture\Debug\rc.command.1.tlog
D:\callback\DrawPicture1\DrawPicture - OO - use\DrawPicture\Debug\rc.read.1.tlog
D:\callback\DrawPicture1\DrawPicture - OO - use\DrawPicture\Debug\rc.write.1.tlog
D:\CALLBACK\DRAWPICTURE1\DRAWPICTURE - OO - USE\DRAWPICTURE\DEBUG\STDAFX.OBJ
D:\callback\DrawPicture1\DrawPicture - OO - use\DrawPicture\Debug\TZRES.DLL.bi
D:\CALLBACK\DRAWPICTURE1\DRAWPICTURE - OO - USE\DRAWPICTURE\DEBUG\VC100.PDB
